2024-06-24 13:27:35,615 INFO o.a.j.u.JMeterUtils: Setting Locale to en_EN
2024-06-24 13:27:35,631 INFO o.a.j.JMeter: Loading user properties from: C:\apache-jmeter-5.6.3\bin\user.properties
2024-06-24 13:27:35,638 INFO o.a.j.JMeter: Loading system properties from: C:\apache-jmeter-5.6.3\bin\system.properties
2024-06-24 13:27:35,643 INFO o.a.j.JMeter: Copyright (c) 1998-2024 The Apache Software Foundation
2024-06-24 13:27:35,643 INFO o.a.j.JMeter: Version 5.6.3
2024-06-24 13:27:35,643 INFO o.a.j.JMeter: java.version=1.8.0_411
2024-06-24 13:27:35,643 INFO o.a.j.JMeter: java.vm.name=Java HotSpot(TM) 64-Bit Server VM
2024-06-24 13:27:35,643 INFO o.a.j.JMeter: os.name=Windows 11
2024-06-24 13:27:35,643 INFO o.a.j.JMeter: os.arch=amd64
2024-06-24 13:27:35,643 INFO o.a.j.JMeter: os.version=10.0
2024-06-24 13:27:35,643 INFO o.a.j.JMeter: file.encoding=Cp1252
2024-06-24 13:27:35,643 INFO o.a.j.JMeter: java.awt.headless=true
2024-06-24 13:27:35,643 INFO o.a.j.JMeter: Max memory     =2147483648
2024-06-24 13:27:35,643 INFO o.a.j.JMeter: Available Processors =8
2024-06-24 13:27:35,646 INFO o.a.j.JMeter: Default Locale=English (EN)
2024-06-24 13:27:35,646 INFO o.a.j.JMeter: JMeter  Locale=English (EN)
2024-06-24 13:27:35,646 INFO o.a.j.JMeter: JMeterHome=C:\apache-jmeter-5.6.3
2024-06-24 13:27:35,646 INFO o.a.j.JMeter: user.dir  =C:\JmeterTests
2024-06-24 13:27:35,646 INFO o.a.j.JMeter: PWD       =C:\JmeterTests
2024-06-24 13:27:35,648 INFO o.a.j.JMeter: IP: 192.168.100.10 Name: CRME-DESKTOP05 FullName: CRME-DESKTOP05
2024-06-24 13:27:35,660 INFO o.a.j.s.FileServer: Default base='C:\JmeterTests'
2024-06-24 13:27:35,662 INFO o.a.j.s.FileServer: Set new base='C:\JmeterTests'
2024-06-24 13:27:35,756 INFO o.a.j.s.SaveService: Testplan (JMX) version: 2.2. Testlog (JTL) version: 2.2
2024-06-24 13:27:35,781 INFO o.a.j.s.SaveService: Using SaveService properties file encoding UTF-8
2024-06-24 13:27:35,786 INFO o.a.j.s.SaveService: Using SaveService properties version 5.0
2024-06-24 13:27:35,791 INFO o.a.j.s.SaveService: Loading file: Requisicao_HTTP.jmx
2024-06-24 13:27:35,856 INFO o.a.j.p.h.s.HTTPSamplerBase: Parser for text/html is org.apache.jmeter.protocol.http.parser.LagartoBasedHtmlParser
2024-06-24 13:27:35,856 INFO o.a.j.p.h.s.HTTPSamplerBase: Parser for application/xhtml+xml is org.apache.jmeter.protocol.http.parser.LagartoBasedHtmlParser
2024-06-24 13:27:35,856 INFO o.a.j.p.h.s.HTTPSamplerBase: Parser for application/xml is org.apache.jmeter.protocol.http.parser.LagartoBasedHtmlParser
2024-06-24 13:27:35,856 INFO o.a.j.p.h.s.HTTPSamplerBase: Parser for text/xml is org.apache.jmeter.protocol.http.parser.LagartoBasedHtmlParser
2024-06-24 13:27:35,856 INFO o.a.j.p.h.s.HTTPSamplerBase: Parser for text/vnd.wap.wml is org.apache.jmeter.protocol.http.parser.RegexpHTMLParser
2024-06-24 13:27:35,856 INFO o.a.j.p.h.s.HTTPSamplerBase: Parser for text/css is org.apache.jmeter.protocol.http.parser.CssParser
2024-06-24 13:27:36,058 INFO o.a.j.JMeter: Creating summariser <summary>
2024-06-24 13:27:36,068 INFO o.a.j.e.StandardJMeterEngine: Running the test!
2024-06-24 13:27:36,069 INFO o.a.j.s.SampleEvent: List of sample_variables: []
2024-06-24 13:27:36,069 INFO o.a.j.s.SampleEvent: List of sample_variables: []
2024-06-24 13:27:36,075 INFO o.a.j.e.u.CompoundVariable: Note: Function class names must contain the string: '.functions.'
2024-06-24 13:27:36,075 INFO o.a.j.e.u.CompoundVariable: Note: Function class names must not contain the string: '.gui.'
2024-06-24 13:27:36,331 INFO o.a.j.JMeter: Running test (1719246456331)
2024-06-24 13:27:36,372 INFO o.a.j.e.StandardJMeterEngine: Starting ThreadGroup: 1 : Grupo de Usuários
2024-06-24 13:27:36,372 INFO o.a.j.e.StandardJMeterEngine: Starting 275 threads for group Grupo de Usuários.
2024-06-24 13:27:36,372 INFO o.a.j.e.StandardJMeterEngine: Thread will continue on error
2024-06-24 13:27:36,372 INFO o.a.j.t.ThreadGroup: Starting thread group... number=1 threads=275 ramp-up=5 delayedStart=false
2024-06-24 13:27:36,439 INFO o.a.j.t.ThreadGroup: Started thread group number 1
2024-06-24 13:27:36,442 INFO o.a.j.e.StandardJMeterEngine: All thread groups have been started
2024-06-24 13:27:36,611 INFO o.a.j.t.JMeterThread: Thread started: Grupo de Usuários 1-1
2024-06-24 13:27:36,613 INFO o.a.j.s.FileServer: Stored: data/combined_data.csv
2024-06-24 13:27:36,631 INFO o.a.j.t.JMeterThread: Thread started: Grupo de Usuários 1-2
2024-06-24 13:27:36,639 INFO o.a.j.t.JMeterThread: Thread started: Grupo de Usuários 1-3
2024-06-24 13:27:36,653 INFO o.a.j.p.h.s.HTTPHCAbstractImpl: Local host = CRME-DESKTOP05
2024-06-24 13:27:36,658 INFO o.a.j.t.JMeterThread: Thread started: Grupo de Usuários 1-4
2024-06-24 13:27:36,659 INFO o.a.j.p.h.s.HTTPHC4Impl: HTTP request retry count = 0
2024-06-24 13:27:36,661 INFO o.a.j.s.SampleResult: Note: Sample TimeStamps are START times
2024-06-24 13:27:36,661 INFO o.a.j.s.SampleResult: sampleresult.default.encoding is set to UTF-8
2024-06-24 13:27:36,661 INFO o.a.j.s.SampleResult: sampleresult.useNanoTime=true
2024-06-24 13:27:36,661 INFO o.a.j.s.SampleResult: sampleresult.nanoThreadSleep=5000
2024-06-24 13:27:36,677 INFO o.a.j.t.JMeterThread: Thread started: Grupo de Usuários 1-5
2024-06-24 13:27:36,695 INFO o.a.j.t.JMeterThread: Thread started: Grupo de Usuários 1-6
2024-06-24 13:27:36,708 INFO o.a.j.t.JMeterThread: Thread started: Grupo de Usuários 1-7
2024-06-24 13:27:36,733 INFO o.a.j.t.JMeterThread: Thread started: Grupo de Usuários 1-8
2024-06-24 13:27:36,744 INFO o.a.j.t.JMeterThread: Thread started: Grupo de Usuários 1-9
2024-06-24 13:27:36,767 INFO o.a.j.t.JMeterThread: Thread started: Grupo de Usuários 1-10
2024-06-24 13:27:36,783 INFO o.a.j.t.JMeterThread: Thread started: Grupo de Usuários 1-11
2024-06-24 13:27:36,800 INFO o.a.j.t.JMeterThread: Thread started: Grupo de Usuários 1-12
2024-06-24 13:27:36,820 INFO o.a.j.t.JMeterThread: Thread started: Grupo de Usuários 1-13
2024-06-24 13:27:36,836 INFO o.a.j.t.JMeterThread: Thread started: Grupo de Usuários 1-14
2024-06-24 13:27:36,851 INFO o.a.j.t.JMeterThread: Thread started: Grupo de Usuários 1-15
2024-06-24 13:27:36,871 INFO o.a.j.t.JMeterThread: Thread started: Grupo de Usuários 1-16
2024-06-24 13:27:36,892 INFO o.a.j.t.JMeterThread: Thread started: Grupo de Usuários 1-17
2024-06-24 13:27:36,908 INFO o.a.j.t.JMeterThread: Thread started: Grupo de Usuários 1-18
2024-06-24 13:27:36,924 INFO o.a.j.t.JMeterThread: Thread started: Grupo de Usuários 1-19
2024-06-24 13:27:36,939 INFO o.a.j.t.JMeterThread: Thread started: Grupo de Usuários 1-20
2024-06-24 13:27:36,959 INFO o.a.j.t.JMeterThread: Thread started: Grupo de Usuários 1-21
2024-06-24 13:27:36,976 INFO o.a.j.t.JMeterThread: Thread started: Grupo de Usuários 1-22
2024-06-24 13:27:36,993 INFO o.a.j.t.JMeterThread: Thread started: Grupo de Usuários 1-23
2024-06-24 13:27:37,009 INFO o.a.j.t.JMeterThread: Thread started: Grupo de Usuários 1-24
2024-06-24 13:27:37,033 INFO o.a.j.t.JMeterThread: Thread started: Grupo de Usuários 1-25
2024-06-24 13:27:37,047 INFO o.a.j.t.JMeterThread: Thread started: Grupo de Usuários 1-26
2024-06-24 13:27:37,062 INFO o.a.j.t.JMeterThread: Thread started: Grupo de Usuários 1-27
2024-06-24 13:27:37,079 INFO o.a.j.t.JMeterThread: Thread started: Grupo de Usuários 1-28
2024-06-24 13:27:37,105 INFO o.a.j.t.JMeterThread: Thread started: Grupo de Usuários 1-29
2024-06-24 13:27:37,121 INFO o.a.j.t.JMeterThread: Thread started: Grupo de Usuários 1-30
2024-06-24 13:27:37,136 INFO o.a.j.t.JMeterThread: Thread started: Grupo de Usuários 1-31
2024-06-24 13:27:37,154 INFO o.a.j.t.JMeterThread: Thread started: Grupo de Usuários 1-32
2024-06-24 13:27:37,177 INFO o.a.j.t.JMeterThread: Thread started: Grupo de Usuários 1-33
2024-06-24 13:27:37,190 INFO o.a.j.t.JMeterThread: Thread started: Grupo de Usuários 1-34
2024-06-24 13:27:37,207 INFO o.a.j.t.JMeterThread: Thread started: Grupo de Usuários 1-35
2024-06-24 13:27:37,223 INFO o.a.j.t.JMeterThread: Thread started: Grupo de Usuários 1-36
2024-06-24 13:27:37,243 INFO o.a.j.t.JMeterThread: Thread started: Grupo de Usuários 1-37
2024-06-24 13:27:37,261 INFO o.a.j.t.JMeterThread: Thread started: Grupo de Usuários 1-38
2024-06-24 13:27:37,278 INFO o.a.j.t.JMeterThread: Thread started: Grupo de Usuários 1-39
2024-06-24 13:27:37,293 INFO o.a.j.t.JMeterThread: Thread started: Grupo de Usuários 1-40
2024-06-24 13:27:37,311 INFO o.a.j.t.JMeterThread: Thread started: Grupo de Usuários 1-41
2024-06-24 13:27:37,330 INFO o.a.j.t.JMeterThread: Thread started: Grupo de Usuários 1-42
2024-06-24 13:27:37,346 INFO o.a.j.t.JMeterThread: Thread started: Grupo de Usuários 1-43
2024-06-24 13:27:37,365 INFO o.a.j.t.JMeterThread: Thread started: Grupo de Usuários 1-44
2024-06-24 13:27:37,383 INFO o.a.j.t.JMeterThread: Thread started: Grupo de Usuários 1-45
2024-06-24 13:27:37,398 INFO o.a.j.t.JMeterThread: Thread started: Grupo de Usuários 1-46
2024-06-24 13:27:37,420 INFO o.a.j.t.JMeterThread: Thread started: Grupo de Usuários 1-47
2024-06-24 13:27:37,436 INFO o.a.j.t.JMeterThread: Thread started: Grupo de Usuários 1-48
2024-06-24 13:27:37,451 INFO o.a.j.t.JMeterThread: Thread started: Grupo de Usuários 1-49
2024-06-24 13:27:37,472 INFO o.a.j.t.JMeterThread: Thread started: Grupo de Usuários 1-50
2024-06-24 13:27:37,489 INFO o.a.j.t.JMeterThread: Thread started: Grupo de Usuários 1-51
2024-06-24 13:27:37,508 INFO o.a.j.t.JMeterThread: Thread started: Grupo de Usuários 1-52
2024-06-24 13:27:37,523 INFO o.a.j.t.JMeterThread: Thread started: Grupo de Usuários 1-53
2024-06-24 13:27:37,539 INFO o.a.j.t.JMeterThread: Thread started: Grupo de Usuários 1-54
2024-06-24 13:27:37,560 INFO o.a.j.t.JMeterThread: Thread started: Grupo de Usuários 1-55
2024-06-24 13:27:37,579 INFO o.a.j.t.JMeterThread: Thread started: Grupo de Usuários 1-56
2024-06-24 13:27:37,597 INFO o.a.j.t.JMeterThread: Thread started: Grupo de Usuários 1-57
2024-06-24 13:27:37,611 INFO o.a.j.t.JMeterThread: Thread started: Grupo de Usuários 1-58
2024-06-24 13:27:37,630 INFO o.a.j.t.JMeterThread: Thread started: Grupo de Usuários 1-59
2024-06-24 13:27:37,649 INFO o.a.j.t.JMeterThread: Thread started: Grupo de Usuários 1-60
2024-06-24 13:27:37,666 INFO o.a.j.t.JMeterThread: Thread started: Grupo de Usuários 1-61
2024-06-24 13:27:37,683 INFO o.a.j.t.JMeterThread: Thread started: Grupo de Usuários 1-62
2024-06-24 13:27:37,702 INFO o.a.j.t.JMeterThread: Thread started: Grupo de Usuários 1-63
2024-06-24 13:27:37,720 INFO o.a.j.t.JMeterThread: Thread started: Grupo de Usuários 1-64
2024-06-24 13:27:37,736 INFO o.a.j.t.JMeterThread: Thread started: Grupo de Usuários 1-65
2024-06-24 13:27:37,756 INFO o.a.j.t.JMeterThread: Thread started: Grupo de Usuários 1-66
2024-06-24 13:27:37,774 INFO o.a.j.t.JMeterThread: Thread started: Grupo de Usuários 1-67
2024-06-24 13:27:37,791 INFO o.a.j.t.JMeterThread: Thread started: Grupo de Usuários 1-68
2024-06-24 13:27:37,811 INFO o.a.j.t.JMeterThread: Thread started: Grupo de Usuários 1-69
2024-06-24 13:27:37,827 INFO o.a.j.t.JMeterThread: Thread started: Grupo de Usuários 1-70
2024-06-24 13:27:37,849 INFO o.a.j.t.JMeterThread: Thread started: Grupo de Usuários 1-71
2024-06-24 13:27:37,859 INFO o.a.j.t.JMeterThread: Thread started: Grupo de Usuários 1-72
2024-06-24 13:27:37,877 INFO o.a.j.t.JMeterThread: Thread started: Grupo de Usuários 1-73
2024-06-24 13:27:37,894 INFO o.a.j.t.JMeterThread: Thread started: Grupo de Usuários 1-74
2024-06-24 13:27:37,913 INFO o.a.j.t.JMeterThread: Thread started: Grupo de Usuários 1-75
2024-06-24 13:27:37,937 INFO o.a.j.t.JMeterThread: Thread started: Grupo de Usuários 1-76
2024-06-24 13:27:37,949 INFO o.a.j.t.JMeterThread: Thread started: Grupo de Usuários 1-77
2024-06-24 13:27:37,966 INFO o.a.j.t.JMeterThread: Thread started: Grupo de Usuários 1-78
2024-06-24 13:27:37,991 INFO o.a.j.t.JMeterThread: Thread started: Grupo de Usuários 1-79
2024-06-24 13:27:38,004 INFO o.a.j.t.JMeterThread: Thread started: Grupo de Usuários 1-80
2024-06-24 13:27:38,021 INFO o.a.j.t.JMeterThread: Thread started: Grupo de Usuários 1-81
2024-06-24 13:27:38,038 INFO o.a.j.t.JMeterThread: Thread started: Grupo de Usuários 1-82
2024-06-24 13:27:38,055 INFO o.a.j.t.JMeterThread: Thread started: Grupo de Usuários 1-83
2024-06-24 13:27:38,075 INFO o.a.j.t.JMeterThread: Thread started: Grupo de Usuários 1-84
2024-06-24 13:27:38,091 INFO o.a.j.t.JMeterThread: Thread started: Grupo de Usuários 1-85
2024-06-24 13:27:38,111 INFO o.a.j.t.JMeterThread: Thread started: Grupo de Usuários 1-86
2024-06-24 13:27:38,127 INFO o.a.j.t.JMeterThread: Thread started: Grupo de Usuários 1-87
2024-06-24 13:27:38,147 INFO o.a.j.t.JMeterThread: Thread started: Grupo de Usuários 1-88
2024-06-24 13:27:38,162 INFO o.a.j.t.JMeterThread: Thread started: Grupo de Usuários 1-89
2024-06-24 13:27:38,181 INFO o.a.j.t.JMeterThread: Thread started: Grupo de Usuários 1-90
2024-06-24 13:27:38,204 INFO o.a.j.t.JMeterThread: Thread started: Grupo de Usuários 1-91
2024-06-24 13:27:38,225 INFO o.a.j.t.JMeterThread: Thread started: Grupo de Usuários 1-92
2024-06-24 13:27:38,233 INFO o.a.j.t.JMeterThread: Thread started: Grupo de Usuários 1-93
2024-06-24 13:27:38,262 INFO o.a.j.t.JMeterThread: Thread started: Grupo de Usuários 1-94
2024-06-24 13:27:38,276 INFO o.a.j.t.JMeterThread: Thread started: Grupo de Usuários 1-95
2024-06-24 13:27:38,294 INFO o.a.j.t.JMeterThread: Thread started: Grupo de Usuários 1-96
2024-06-24 13:27:38,313 INFO o.a.j.t.JMeterThread: Thread started: Grupo de Usuários 1-97
2024-06-24 13:27:38,330 INFO o.a.j.t.JMeterThread: Thread started: Grupo de Usuários 1-98
2024-06-24 13:27:38,347 INFO o.a.j.t.JMeterThread: Thread started: Grupo de Usuários 1-99
2024-06-24 13:27:38,361 INFO o.a.j.t.JMeterThread: Thread started: Grupo de Usuários 1-100
2024-06-24 13:27:38,386 INFO o.a.j.t.JMeterThread: Thread started: Grupo de Usuários 1-101
2024-06-24 13:27:38,393 INFO o.a.j.t.JMeterThread: Thread started: Grupo de Usuários 1-102
2024-06-24 13:27:38,416 INFO o.a.j.t.JMeterThread: Thread started: Grupo de Usuários 1-103
2024-06-24 13:27:38,429 INFO o.a.j.t.JMeterThread: Thread started: Grupo de Usuários 1-104
2024-06-24 13:27:38,455 INFO o.a.j.t.JMeterThread: Thread started: Grupo de Usuários 1-105
2024-06-24 13:27:38,472 INFO o.a.j.t.JMeterThread: Thread started: Grupo de Usuários 1-106
2024-06-24 13:27:38,490 INFO o.a.j.t.JMeterThread: Thread started: Grupo de Usuários 1-107
2024-06-24 13:27:38,504 INFO o.a.j.t.JMeterThread: Thread started: Grupo de Usuários 1-108
2024-06-24 13:27:38,525 INFO o.a.j.t.JMeterThread: Thread started: Grupo de Usuários 1-109
2024-06-24 13:27:38,542 INFO o.a.j.t.JMeterThread: Thread started: Grupo de Usuários 1-110
2024-06-24 13:27:38,559 INFO o.a.j.t.JMeterThread: Thread started: Grupo de Usuários 1-111
2024-06-24 13:27:38,579 INFO o.a.j.t.JMeterThread: Thread started: Grupo de Usuários 1-112
2024-06-24 13:27:38,598 INFO o.a.j.t.JMeterThread: Thread started: Grupo de Usuários 1-113
2024-06-24 13:27:38,611 INFO o.a.j.t.JMeterThread: Thread started: Grupo de Usuários 1-114
2024-06-24 13:27:38,628 INFO o.a.j.t.JMeterThread: Thread started: Grupo de Usuários 1-115
2024-06-24 13:27:38,647 INFO o.a.j.t.JMeterThread: Thread started: Grupo de Usuários 1-116
2024-06-24 13:27:38,666 INFO o.a.j.t.JMeterThread: Thread started: Grupo de Usuários 1-117
2024-06-24 13:27:38,684 INFO o.a.j.t.JMeterThread: Thread started: Grupo de Usuários 1-118
2024-06-24 13:27:38,702 INFO o.a.j.t.JMeterThread: Thread started: Grupo de Usuários 1-119
2024-06-24 13:27:38,718 INFO o.a.j.t.JMeterThread: Thread started: Grupo de Usuários 1-120
2024-06-24 13:27:38,736 INFO o.a.j.t.JMeterThread: Thread started: Grupo de Usuários 1-121
2024-06-24 13:27:38,753 INFO o.a.j.t.JMeterThread: Thread started: Grupo de Usuários 1-122
2024-06-24 13:27:38,771 INFO o.a.j.t.JMeterThread: Thread started: Grupo de Usuários 1-123
2024-06-24 13:27:38,790 INFO o.a.j.t.JMeterThread: Thread started: Grupo de Usuários 1-124
2024-06-24 13:27:38,806 INFO o.a.j.t.JMeterThread: Thread started: Grupo de Usuários 1-125
2024-06-24 13:27:38,824 INFO o.a.j.t.JMeterThread: Thread started: Grupo de Usuários 1-126
2024-06-24 13:27:38,842 INFO o.a.j.t.JMeterThread: Thread started: Grupo de Usuários 1-127
2024-06-24 13:27:38,860 INFO o.a.j.t.JMeterThread: Thread started: Grupo de Usuários 1-128
2024-06-24 13:27:38,877 INFO o.a.j.t.JMeterThread: Thread started: Grupo de Usuários 1-129
2024-06-24 13:27:38,895 INFO o.a.j.t.JMeterThread: Thread started: Grupo de Usuários 1-130
2024-06-24 13:27:38,913 INFO o.a.j.t.JMeterThread: Thread started: Grupo de Usuários 1-131
2024-06-24 13:27:38,930 INFO o.a.j.t.JMeterThread: Thread started: Grupo de Usuários 1-132
2024-06-24 13:27:38,948 INFO o.a.j.t.JMeterThread: Thread started: Grupo de Usuários 1-133
2024-06-24 13:27:38,966 INFO o.a.j.t.JMeterThread: Thread started: Grupo de Usuários 1-134
2024-06-24 13:27:38,984 INFO o.a.j.t.JMeterThread: Thread started: Grupo de Usuários 1-135
2024-06-24 13:27:39,002 INFO o.a.j.t.JMeterThread: Thread started: Grupo de Usuários 1-136
2024-06-24 13:27:39,019 INFO o.a.j.t.JMeterThread: Thread started: Grupo de Usuários 1-137
2024-06-24 13:27:39,037 INFO o.a.j.t.JMeterThread: Thread started: Grupo de Usuários 1-138
2024-06-24 13:27:39,055 INFO o.a.j.t.JMeterThread: Thread started: Grupo de Usuários 1-139
2024-06-24 13:27:39,072 INFO o.a.j.t.JMeterThread: Thread started: Grupo de Usuários 1-140
2024-06-24 13:27:39,091 INFO o.a.j.t.JMeterThread: Thread started: Grupo de Usuários 1-141
2024-06-24 13:27:39,109 INFO o.a.j.t.JMeterThread: Thread started: Grupo de Usuários 1-142
2024-06-24 13:27:39,124 INFO o.a.j.t.JMeterThread: Thread started: Grupo de Usuários 1-143
2024-06-24 13:27:39,142 INFO o.a.j.t.JMeterThread: Thread started: Grupo de Usuários 1-144
2024-06-24 13:27:39,160 INFO o.a.j.t.JMeterThread: Thread started: Grupo de Usuários 1-145
2024-06-24 13:27:39,179 INFO o.a.j.t.JMeterThread: Thread started: Grupo de Usuários 1-146
2024-06-24 13:27:39,196 INFO o.a.j.t.JMeterThread: Thread started: Grupo de Usuários 1-147
2024-06-24 13:27:39,214 INFO o.a.j.t.JMeterThread: Thread started: Grupo de Usuários 1-148
2024-06-24 13:27:39,232 INFO o.a.j.t.JMeterThread: Thread started: Grupo de Usuários 1-149
2024-06-24 13:27:39,249 INFO o.a.j.t.JMeterThread: Thread started: Grupo de Usuários 1-150
2024-06-24 13:27:39,267 INFO o.a.j.t.JMeterThread: Thread started: Grupo de Usuários 1-151
2024-06-24 13:27:39,285 INFO o.a.j.t.JMeterThread: Thread started: Grupo de Usuários 1-152
2024-06-24 13:27:39,303 INFO o.a.j.t.JMeterThread: Thread started: Grupo de Usuários 1-153
2024-06-24 13:27:39,321 INFO o.a.j.t.JMeterThread: Thread started: Grupo de Usuários 1-154
2024-06-24 13:27:39,338 INFO o.a.j.t.JMeterThread: Thread started: Grupo de Usuários 1-155
2024-06-24 13:27:39,356 INFO o.a.j.t.JMeterThread: Thread started: Grupo de Usuários 1-156
2024-06-24 13:27:39,374 INFO o.a.j.t.JMeterThread: Thread started: Grupo de Usuários 1-157
2024-06-24 13:27:39,391 INFO o.a.j.t.JMeterThread: Thread started: Grupo de Usuários 1-158
2024-06-24 13:27:39,409 INFO o.a.j.t.JMeterThread: Thread started: Grupo de Usuários 1-159
2024-06-24 13:27:39,427 INFO o.a.j.t.JMeterThread: Thread started: Grupo de Usuários 1-160
2024-06-24 13:27:39,446 INFO o.a.j.t.JMeterThread: Thread started: Grupo de Usuários 1-161
2024-06-24 13:27:39,463 INFO o.a.j.t.JMeterThread: Thread started: Grupo de Usuários 1-162
2024-06-24 13:27:39,480 INFO o.a.j.t.JMeterThread: Thread started: Grupo de Usuários 1-163
2024-06-24 13:27:39,498 INFO o.a.j.t.JMeterThread: Thread started: Grupo de Usuários 1-164
2024-06-24 13:27:39,516 INFO o.a.j.t.JMeterThread: Thread started: Grupo de Usuários 1-165
2024-06-24 13:27:39,534 INFO o.a.j.t.JMeterThread: Thread started: Grupo de Usuários 1-166
2024-06-24 13:27:39,552 INFO o.a.j.t.JMeterThread: Thread started: Grupo de Usuários 1-167
2024-06-24 13:27:39,569 INFO o.a.j.t.JMeterThread: Thread started: Grupo de Usuários 1-168
2024-06-24 13:27:39,587 INFO o.a.j.t.JMeterThread: Thread started: Grupo de Usuários 1-169
2024-06-24 13:27:39,605 INFO o.a.j.t.JMeterThread: Thread started: Grupo de Usuários 1-170
2024-06-24 13:27:39,623 INFO o.a.j.t.JMeterThread: Thread started: Grupo de Usuários 1-171
2024-06-24 13:27:39,642 INFO o.a.j.t.JMeterThread: Thread started: Grupo de Usuários 1-172
2024-06-24 13:27:39,660 INFO o.a.j.t.JMeterThread: Thread started: Grupo de Usuários 1-173
2024-06-24 13:27:39,678 INFO o.a.j.t.JMeterThread: Thread started: Grupo de Usuários 1-174
2024-06-24 13:27:39,695 INFO o.a.j.t.JMeterThread: Thread started: Grupo de Usuários 1-175
2024-06-24 13:27:39,722 INFO o.a.j.t.JMeterThread: Thread started: Grupo de Usuários 1-176
2024-06-24 13:27:39,731 INFO o.a.j.t.JMeterThread: Thread started: Grupo de Usuários 1-177
2024-06-24 13:27:39,749 INFO o.a.j.t.JMeterThread: Thread started: Grupo de Usuários 1-178
2024-06-24 13:27:39,767 INFO o.a.j.t.JMeterThread: Thread started: Grupo de Usuários 1-179
2024-06-24 13:27:39,783 INFO o.a.j.t.JMeterThread: Thread started: Grupo de Usuários 1-180
2024-06-24 13:27:39,802 INFO o.a.j.t.JMeterThread: Thread started: Grupo de Usuários 1-181
2024-06-24 13:27:39,819 INFO o.a.j.t.JMeterThread: Thread started: Grupo de Usuários 1-182
2024-06-24 13:27:39,838 INFO o.a.j.t.JMeterThread: Thread started: Grupo de Usuários 1-183
2024-06-24 13:27:39,855 INFO o.a.j.t.JMeterThread: Thread started: Grupo de Usuários 1-184
2024-06-24 13:27:39,873 INFO o.a.j.t.JMeterThread: Thread started: Grupo de Usuários 1-185
2024-06-24 13:27:39,890 INFO o.a.j.t.JMeterThread: Thread started: Grupo de Usuários 1-186
2024-06-24 13:27:39,908 INFO o.a.j.t.JMeterThread: Thread started: Grupo de Usuários 1-187
2024-06-24 13:27:39,925 INFO o.a.j.t.JMeterThread: Thread started: Grupo de Usuários 1-188
2024-06-24 13:27:39,943 INFO o.a.j.t.JMeterThread: Thread started: Grupo de Usuários 1-189
2024-06-24 13:27:39,962 INFO o.a.j.t.JMeterThread: Thread started: Grupo de Usuários 1-190
2024-06-24 13:27:39,980 INFO o.a.j.t.JMeterThread: Thread started: Grupo de Usuários 1-191
2024-06-24 13:27:39,996 INFO o.a.j.t.JMeterThread: Thread started: Grupo de Usuários 1-192
2024-06-24 13:27:40,015 INFO o.a.j.t.JMeterThread: Thread started: Grupo de Usuários 1-193
2024-06-24 13:27:40,033 INFO o.a.j.t.JMeterThread: Thread started: Grupo de Usuários 1-194
2024-06-24 13:27:40,051 INFO o.a.j.t.JMeterThread: Thread started: Grupo de Usuários 1-195
2024-06-24 13:27:40,069 INFO o.a.j.t.JMeterThread: Thread started: Grupo de Usuários 1-196
2024-06-24 13:27:40,087 INFO o.a.j.t.JMeterThread: Thread started: Grupo de Usuários 1-197
2024-06-24 13:27:40,105 INFO o.a.j.t.JMeterThread: Thread started: Grupo de Usuários 1-198
2024-06-24 13:27:40,128 INFO o.a.j.t.JMeterThread: Thread started: Grupo de Usuários 1-199
2024-06-24 13:27:40,144 INFO o.a.j.t.JMeterThread: Thread started: Grupo de Usuários 1-200
2024-06-24 13:27:40,158 INFO o.a.j.t.JMeterThread: Thread started: Grupo de Usuários 1-201
2024-06-24 13:27:40,175 INFO o.a.j.t.JMeterThread: Thread started: Grupo de Usuários 1-202
2024-06-24 13:27:40,198 INFO o.a.j.t.JMeterThread: Thread started: Grupo de Usuários 1-203
2024-06-24 13:27:40,212 INFO o.a.j.t.JMeterThread: Thread started: Grupo de Usuários 1-204
2024-06-24 13:27:40,230 INFO o.a.j.t.JMeterThread: Thread started: Grupo de Usuários 1-205
2024-06-24 13:27:40,246 INFO o.a.j.t.JMeterThread: Thread started: Grupo de Usuários 1-206
2024-06-24 13:27:40,264 INFO o.a.j.t.JMeterThread: Thread started: Grupo de Usuários 1-207
2024-06-24 13:27:40,287 INFO o.a.j.t.JMeterThread: Thread started: Grupo de Usuários 1-208
2024-06-24 13:27:40,309 INFO o.a.j.t.JMeterThread: Thread started: Grupo de Usuários 1-209
2024-06-24 13:27:40,320 INFO o.a.j.t.JMeterThread: Thread started: Grupo de Usuários 1-210
2024-06-24 13:27:40,345 INFO o.a.j.t.JMeterThread: Thread started: Grupo de Usuários 1-211
2024-06-24 13:27:40,362 INFO o.a.j.t.JMeterThread: Thread started: Grupo de Usuários 1-212
2024-06-24 13:27:40,379 INFO o.a.j.t.JMeterThread: Thread started: Grupo de Usuários 1-213
2024-06-24 13:27:40,391 INFO o.a.j.t.JMeterThread: Thread started: Grupo de Usuários 1-214
2024-06-24 13:27:40,410 INFO o.a.j.t.JMeterThread: Thread started: Grupo de Usuários 1-215
2024-06-24 13:27:40,429 INFO o.a.j.t.JMeterThread: Thread started: Grupo de Usuários 1-216
2024-06-24 13:27:40,448 INFO o.a.j.t.JMeterThread: Thread started: Grupo de Usuários 1-217
2024-06-24 13:27:40,467 INFO o.a.j.t.JMeterThread: Thread started: Grupo de Usuários 1-218
2024-06-24 13:27:40,481 INFO o.a.j.t.JMeterThread: Thread started: Grupo de Usuários 1-219
2024-06-24 13:27:40,504 INFO o.a.j.t.JMeterThread: Thread started: Grupo de Usuários 1-220
2024-06-24 13:27:40,522 INFO o.a.j.t.JMeterThread: Thread started: Grupo de Usuários 1-221
2024-06-24 13:27:40,539 INFO o.a.j.t.JMeterThread: Thread started: Grupo de Usuários 1-222
2024-06-24 13:27:40,557 INFO o.a.j.t.JMeterThread: Thread started: Grupo de Usuários 1-223
2024-06-24 13:27:40,574 INFO o.a.j.t.JMeterThread: Thread started: Grupo de Usuários 1-224
2024-06-24 13:27:40,593 INFO o.a.j.t.JMeterThread: Thread started: Grupo de Usuários 1-225
2024-06-24 13:27:40,610 INFO o.a.j.t.JMeterThread: Thread started: Grupo de Usuários 1-226
2024-06-24 13:27:40,629 INFO o.a.j.t.JMeterThread: Thread started: Grupo de Usuários 1-227
2024-06-24 13:27:40,636 INFO o.a.j.t.JMeterThread: Thread started: Grupo de Usuários 1-228
2024-06-24 13:27:40,664 INFO o.a.j.t.JMeterThread: Thread started: Grupo de Usuários 1-229
2024-06-24 13:27:40,672 INFO o.a.j.t.JMeterThread: Thread started: Grupo de Usuários 1-230
2024-06-24 13:27:40,689 INFO o.a.j.t.JMeterThread: Thread started: Grupo de Usuários 1-231
2024-06-24 13:27:40,717 INFO o.a.j.t.JMeterThread: Thread started: Grupo de Usuários 1-232
2024-06-24 13:27:40,736 INFO o.a.j.t.JMeterThread: Thread started: Grupo de Usuários 1-233
2024-06-24 13:27:40,743 INFO o.a.j.t.JMeterThread: Thread started: Grupo de Usuários 1-234
2024-06-24 13:27:40,773 INFO o.a.j.t.JMeterThread: Thread started: Grupo de Usuários 1-235
2024-06-24 13:27:40,789 INFO o.a.j.t.JMeterThread: Thread started: Grupo de Usuários 1-236
2024-06-24 13:27:40,807 INFO o.a.j.t.JMeterThread: Thread started: Grupo de Usuários 1-237
2024-06-24 13:27:40,825 INFO o.a.j.t.JMeterThread: Thread started: Grupo de Usuários 1-238
2024-06-24 13:27:40,843 INFO o.a.j.t.JMeterThread: Thread started: Grupo de Usuários 1-239
2024-06-24 13:27:40,861 INFO o.a.j.t.JMeterThread: Thread started: Grupo de Usuários 1-240
2024-06-24 13:27:40,868 INFO o.a.j.t.JMeterThread: Thread started: Grupo de Usuários 1-241
2024-06-24 13:27:40,887 INFO o.a.j.t.JMeterThread: Thread started: Grupo de Usuários 1-242
2024-06-24 13:27:40,908 INFO o.a.j.t.JMeterThread: Thread started: Grupo de Usuários 1-243
2024-06-24 13:27:40,922 INFO o.a.j.t.JMeterThread: Thread started: Grupo de Usuários 1-244
2024-06-24 13:27:40,950 INFO o.a.j.t.JMeterThread: Thread started: Grupo de Usuários 1-245
2024-06-24 13:27:40,968 INFO o.a.j.t.JMeterThread: Thread started: Grupo de Usuários 1-246
2024-06-24 13:27:40,986 INFO o.a.j.t.JMeterThread: Thread started: Grupo de Usuários 1-247
2024-06-24 13:27:40,994 INFO o.a.j.t.JMeterThread: Thread started: Grupo de Usuários 1-248
2024-06-24 13:27:41,012 INFO o.a.j.t.JMeterThread: Thread started: Grupo de Usuários 1-249
2024-06-24 13:27:41,039 INFO o.a.j.t.JMeterThread: Thread started: Grupo de Usuários 1-250
2024-06-24 13:27:41,048 INFO o.a.j.t.JMeterThread: Thread started: Grupo de Usuários 1-251
2024-06-24 13:27:41,075 INFO o.a.j.t.JMeterThread: Thread started: Grupo de Usuários 1-252
2024-06-24 13:27:41,093 INFO o.a.j.t.JMeterThread: Thread started: Grupo de Usuários 1-253
2024-06-24 13:27:41,101 INFO o.a.j.t.JMeterThread: Thread started: Grupo de Usuários 1-254
2024-06-24 13:27:41,118 INFO o.a.j.t.JMeterThread: Thread started: Grupo de Usuários 1-255
2024-06-24 13:27:41,147 INFO o.a.j.t.JMeterThread: Thread started: Grupo de Usuários 1-256
2024-06-24 13:27:41,161 INFO o.a.j.t.JMeterThread: Thread started: Grupo de Usuários 1-257
2024-06-24 13:27:41,180 INFO o.a.j.t.JMeterThread: Thread started: Grupo de Usuários 1-258
2024-06-24 13:27:41,191 INFO o.a.j.t.JMeterThread: Thread started: Grupo de Usuários 1-259
2024-06-24 13:27:41,211 INFO o.a.j.t.JMeterThread: Thread started: Grupo de Usuários 1-260
2024-06-24 13:27:41,226 INFO o.a.j.t.JMeterThread: Thread started: Grupo de Usuários 1-261
2024-06-24 13:27:41,242 INFO o.a.j.t.JMeterThread: Thread started: Grupo de Usuários 1-262
2024-06-24 13:27:41,265 INFO o.a.j.t.JMeterThread: Thread started: Grupo de Usuários 1-263
2024-06-24 13:27:41,281 INFO o.a.j.t.JMeterThread: Thread started: Grupo de Usuários 1-264
2024-06-24 13:27:41,299 INFO o.a.j.t.JMeterThread: Thread started: Grupo de Usuários 1-265
2024-06-24 13:27:41,318 INFO o.a.j.t.JMeterThread: Thread started: Grupo de Usuários 1-266
2024-06-24 13:27:41,338 INFO o.a.j.t.JMeterThread: Thread started: Grupo de Usuários 1-267
2024-06-24 13:27:41,352 INFO o.a.j.t.JMeterThread: Thread started: Grupo de Usuários 1-268
2024-06-24 13:27:41,367 INFO o.a.j.t.JMeterThread: Thread started: Grupo de Usuários 1-269
2024-06-24 13:27:41,389 INFO o.a.j.t.JMeterThread: Thread started: Grupo de Usuários 1-270
2024-06-24 13:27:41,407 INFO o.a.j.t.JMeterThread: Thread started: Grupo de Usuários 1-271
2024-06-24 13:27:41,423 INFO o.a.j.t.JMeterThread: Thread started: Grupo de Usuários 1-272
2024-06-24 13:27:41,450 INFO o.a.j.t.JMeterThread: Thread started: Grupo de Usuários 1-273
2024-06-24 13:27:41,461 INFO o.a.j.t.JMeterThread: Thread started: Grupo de Usuários 1-274
2024-06-24 13:27:41,478 INFO o.a.j.t.JMeterThread: Thread started: Grupo de Usuários 1-275
2024-06-24 13:27:45,159 INFO o.a.j.t.JMeterThread: Thread is done: Grupo de Usuários 1-9
2024-06-24 13:27:45,159 INFO o.a.j.t.JMeterThread: Thread is done: Grupo de Usuários 1-8
2024-06-24 13:27:45,159 INFO o.a.j.t.JMeterThread: Thread is done: Grupo de Usuários 1-10
2024-06-24 13:27:45,159 INFO o.a.j.t.JMeterThread: Thread finished: Grupo de Usuários 1-8
2024-06-24 13:27:45,159 INFO o.a.j.t.JMeterThread: Thread finished: Grupo de Usuários 1-10
2024-06-24 13:27:45,159 INFO o.a.j.t.JMeterThread: Thread is done: Grupo de Usuários 1-5
2024-06-24 13:27:45,159 INFO o.a.j.t.JMeterThread: Thread finished: Grupo de Usuários 1-9
2024-06-24 13:27:45,159 INFO o.a.j.t.JMeterThread: Thread finished: Grupo de Usuários 1-5
2024-06-24 13:27:45,207 INFO o.a.j.t.JMeterThread: Thread is done: Grupo de Usuários 1-2
2024-06-24 13:27:45,207 INFO o.a.j.t.JMeterThread: Thread finished: Grupo de Usuários 1-2
2024-06-24 13:27:45,253 INFO o.a.j.t.JMeterThread: Thread is done: Grupo de Usuários 1-11
2024-06-24 13:27:45,253 INFO o.a.j.t.JMeterThread: Thread finished: Grupo de Usuários 1-11
2024-06-24 13:27:45,365 INFO o.a.j.t.JMeterThread: Thread is done: Grupo de Usuários 1-6
2024-06-24 13:27:45,365 INFO o.a.j.t.JMeterThread: Thread finished: Grupo de Usuários 1-6
2024-06-24 13:27:45,365 INFO o.a.j.t.JMeterThread: Thread is done: Grupo de Usuários 1-3
2024-06-24 13:27:45,365 INFO o.a.j.t.JMeterThread: Thread finished: Grupo de Usuários 1-3
2024-06-24 13:27:45,470 INFO o.a.j.t.JMeterThread: Thread is done: Grupo de Usuários 1-1
2024-06-24 13:27:45,470 INFO o.a.j.t.JMeterThread: Thread finished: Grupo de Usuários 1-1
2024-06-24 13:27:45,471 INFO o.a.j.t.JMeterThread: Thread is done: Grupo de Usuários 1-7
2024-06-24 13:27:45,471 INFO o.a.j.t.JMeterThread: Thread finished: Grupo de Usuários 1-7
2024-06-24 13:27:45,751 INFO o.a.j.t.JMeterThread: Thread is done: Grupo de Usuários 1-4
2024-06-24 13:27:45,751 INFO o.a.j.t.JMeterThread: Thread finished: Grupo de Usuários 1-4
2024-06-24 13:27:46,325 INFO o.a.j.t.JMeterThread: Thread is done: Grupo de Usuários 1-13
2024-06-24 13:27:46,325 INFO o.a.j.t.JMeterThread: Thread finished: Grupo de Usuários 1-13
2024-06-24 13:27:47,157 INFO o.a.j.t.JMeterThread: Thread is done: Grupo de Usuários 1-12
2024-06-24 13:27:47,157 INFO o.a.j.t.JMeterThread: Thread finished: Grupo de Usuários 1-12
2024-06-24 13:27:48,176 INFO o.a.j.t.JMeterThread: Thread is done: Grupo de Usuários 1-16
2024-06-24 13:27:48,176 INFO o.a.j.t.JMeterThread: Thread finished: Grupo de Usuários 1-16
2024-06-24 13:27:48,253 INFO o.a.j.t.JMeterThread: Thread is done: Grupo de Usuários 1-14
2024-06-24 13:27:48,253 INFO o.a.j.t.JMeterThread: Thread finished: Grupo de Usuários 1-14
2024-06-24 13:27:48,256 INFO o.a.j.t.JMeterThread: Thread is done: Grupo de Usuários 1-17
2024-06-24 13:27:48,256 INFO o.a.j.t.JMeterThread: Thread finished: Grupo de Usuários 1-17
2024-06-24 13:27:48,434 INFO o.a.j.t.JMeterThread: Thread is done: Grupo de Usuários 1-15
2024-06-24 13:27:48,434 INFO o.a.j.t.JMeterThread: Thread finished: Grupo de Usuários 1-15
2024-06-24 13:27:49,591 INFO o.a.j.t.JMeterThread: Thread is done: Grupo de Usuários 1-107
2024-06-24 13:27:49,591 INFO o.a.j.t.JMeterThread: Thread finished: Grupo de Usuários 1-107
2024-06-24 13:27:49,605 INFO o.a.j.t.JMeterThread: Thread is done: Grupo de Usuários 1-19
2024-06-24 13:27:49,605 INFO o.a.j.t.JMeterThread: Thread finished: Grupo de Usuários 1-19
2024-06-24 13:27:49,628 INFO o.a.j.t.JMeterThread: Thread is done: Grupo de Usuários 1-21
2024-06-24 13:27:49,628 INFO o.a.j.t.JMeterThread: Thread finished: Grupo de Usuários 1-21
2024-06-24 13:27:49,711 INFO o.a.j.t.JMeterThread: Thread is done: Grupo de Usuários 1-25
2024-06-24 13:27:49,712 INFO o.a.j.t.JMeterThread: Thread finished: Grupo de Usuários 1-25
2024-06-24 13:27:49,771 INFO o.a.j.t.JMeterThread: Thread is done: Grupo de Usuários 1-22
2024-06-24 13:27:49,771 INFO o.a.j.t.JMeterThread: Thread finished: Grupo de Usuários 1-22
2024-06-24 13:27:49,831 INFO o.a.j.t.JMeterThread: Thread is done: Grupo de Usuários 1-24
2024-06-24 13:27:49,832 INFO o.a.j.t.JMeterThread: Thread finished: Grupo de Usuários 1-24
2024-06-24 13:27:49,908 INFO o.a.j.t.JMeterThread: Thread is done: Grupo de Usuários 1-20
2024-06-24 13:27:49,909 INFO o.a.j.t.JMeterThread: Thread finished: Grupo de Usuários 1-20
2024-06-24 13:27:49,940 INFO o.a.j.t.JMeterThread: Thread is done: Grupo de Usuários 1-23
2024-06-24 13:27:49,940 INFO o.a.j.t.JMeterThread: Thread finished: Grupo de Usuários 1-23
2024-06-24 13:27:50,309 INFO o.a.j.t.JMeterThread: Thread is done: Grupo de Usuários 1-18
2024-06-24 13:27:50,309 INFO o.a.j.t.JMeterThread: Thread finished: Grupo de Usuários 1-18
2024-06-24 13:27:50,339 INFO o.a.j.t.JMeterThread: Thread is done: Grupo de Usuários 1-112
2024-06-24 13:27:50,339 INFO o.a.j.t.JMeterThread: Thread finished: Grupo de Usuários 1-112
2024-06-24 13:27:50,804 INFO o.a.j.t.JMeterThread: Thread is done: Grupo de Usuários 1-109
2024-06-24 13:27:50,804 INFO o.a.j.t.JMeterThread: Thread finished: Grupo de Usuários 1-109
2024-06-24 13:27:51,651 INFO o.a.j.t.JMeterThread: Thread is done: Grupo de Usuários 1-111
2024-06-24 13:27:51,651 INFO o.a.j.t.JMeterThread: Thread finished: Grupo de Usuários 1-111
2024-06-24 13:27:52,347 INFO o.a.j.t.JMeterThread: Thread is done: Grupo de Usuários 1-108
2024-06-24 13:27:52,347 INFO o.a.j.t.JMeterThread: Thread finished: Grupo de Usuários 1-108
2024-06-24 13:27:53,136 INFO o.a.j.t.JMeterThread: Thread is done: Grupo de Usuários 1-116
2024-06-24 13:27:53,136 INFO o.a.j.t.JMeterThread: Thread finished: Grupo de Usuários 1-116
2024-06-24 13:27:53,227 INFO o.a.j.t.JMeterThread: Thread is done: Grupo de Usuários 1-128
2024-06-24 13:27:53,227 INFO o.a.j.t.JMeterThread: Thread finished: Grupo de Usuários 1-128
2024-06-24 13:27:53,273 INFO o.a.j.t.JMeterThread: Thread is done: Grupo de Usuários 1-129
2024-06-24 13:27:53,273 INFO o.a.j.t.JMeterThread: Thread finished: Grupo de Usuários 1-129
2024-06-24 13:27:53,565 INFO o.a.j.t.JMeterThread: Thread is done: Grupo de Usuários 1-137
2024-06-24 13:27:53,565 INFO o.a.j.t.JMeterThread: Thread finished: Grupo de Usuários 1-137
2024-06-24 13:27:54,137 INFO o.a.j.t.JMeterThread: Thread is done: Grupo de Usuários 1-143
2024-06-24 13:27:54,137 INFO o.a.j.t.JMeterThread: Thread finished: Grupo de Usuários 1-143
2024-06-24 13:27:54,154 INFO o.a.j.t.JMeterThread: Thread is done: Grupo de Usuários 1-36
2024-06-24 13:27:54,154 INFO o.a.j.t.JMeterThread: Thread finished: Grupo de Usuários 1-36
2024-06-24 13:27:54,264 INFO o.a.j.t.JMeterThread: Thread is done: Grupo de Usuários 1-28
2024-06-24 13:27:54,264 INFO o.a.j.t.JMeterThread: Thread finished: Grupo de Usuários 1-28
2024-06-24 13:27:54,264 INFO o.a.j.t.JMeterThread: Thread is done: Grupo de Usuários 1-39
2024-06-24 13:27:54,264 INFO o.a.j.t.JMeterThread: Thread finished: Grupo de Usuários 1-39
2024-06-24 13:27:54,465 INFO o.a.j.t.JMeterThread: Thread is done: Grupo de Usuários 1-32
2024-06-24 13:27:54,465 INFO o.a.j.t.JMeterThread: Thread finished: Grupo de Usuários 1-32
2024-06-24 13:27:54,465 INFO o.a.j.t.JMeterThread: Thread is done: Grupo de Usuários 1-38
2024-06-24 13:27:54,465 INFO o.a.j.t.JMeterThread: Thread finished: Grupo de Usuários 1-38
2024-06-24 13:27:54,512 INFO o.a.j.t.JMeterThread: Thread is done: Grupo de Usuários 1-30
2024-06-24 13:27:54,512 INFO o.a.j.t.JMeterThread: Thread finished: Grupo de Usuários 1-30
2024-06-24 13:27:54,603 INFO o.a.j.t.JMeterThread: Thread is done: Grupo de Usuários 1-29
2024-06-24 13:27:54,604 INFO o.a.j.t.JMeterThread: Thread finished: Grupo de Usuários 1-29
2024-06-24 13:27:54,959 INFO o.a.j.t.JMeterThread: Thread is done: Grupo de Usuários 1-40
2024-06-24 13:27:54,959 INFO o.a.j.t.JMeterThread: Thread finished: Grupo de Usuários 1-40
2024-06-24 13:27:55,005 INFO o.a.j.t.JMeterThread: Thread is done: Grupo de Usuários 1-26
2024-06-24 13:27:55,005 INFO o.a.j.t.JMeterThread: Thread finished: Grupo de Usuários 1-26
2024-06-24 13:27:55,578 INFO o.a.j.t.JMeterThread: Thread is done: Grupo de Usuários 1-27
2024-06-24 13:27:55,578 INFO o.a.j.t.JMeterThread: Thread finished: Grupo de Usuários 1-27
2024-06-24 13:27:56,150 INFO o.a.j.t.JMeterThread: Thread is done: Grupo de Usuários 1-33
2024-06-24 13:27:56,150 INFO o.a.j.t.JMeterThread: Thread finished: Grupo de Usuários 1-33
2024-06-24 13:27:56,765 INFO o.a.j.t.JMeterThread: Thread is done: Grupo de Usuários 1-37
2024-06-24 13:27:56,767 INFO o.a.j.t.JMeterThread: Thread finished: Grupo de Usuários 1-37
2024-06-24 13:27:57,526 INFO o.a.j.t.JMeterThread: Thread is done: Grupo de Usuários 1-31
2024-06-24 13:27:57,526 INFO o.a.j.t.JMeterThread: Thread finished: Grupo de Usuários 1-31
2024-06-24 13:27:57,628 INFO o.a.j.t.JMeterThread: Thread is done: Grupo de Usuários 1-34
2024-06-24 13:27:57,628 INFO o.a.j.t.JMeterThread: Thread finished: Grupo de Usuários 1-34
2024-06-24 13:27:57,760 INFO o.a.j.t.JMeterThread: Thread is done: Grupo de Usuários 1-35
2024-06-24 13:27:57,760 INFO o.a.j.t.JMeterThread: Thread finished: Grupo de Usuários 1-35
2024-06-24 13:27:57,885 INFO o.a.j.t.JMeterThread: Thread is done: Grupo de Usuários 1-41
2024-06-24 13:27:57,885 INFO o.a.j.t.JMeterThread: Thread finished: Grupo de Usuários 1-41
2024-06-24 13:27:58,768 INFO o.a.j.t.JMeterThread: Thread is done: Grupo de Usuários 1-42
2024-06-24 13:27:58,768 INFO o.a.j.t.JMeterThread: Thread finished: Grupo de Usuários 1-42
2024-06-24 13:27:59,155 INFO o.a.j.t.JMeterThread: Thread is done: Grupo de Usuários 1-43
2024-06-24 13:27:59,156 INFO o.a.j.t.JMeterThread: Thread finished: Grupo de Usuários 1-43
2024-06-24 13:27:59,202 INFO o.a.j.t.JMeterThread: Thread is done: Grupo de Usuários 1-47
2024-06-24 13:27:59,202 INFO o.a.j.t.JMeterThread: Thread finished: Grupo de Usuários 1-47
2024-06-24 13:27:59,310 INFO o.a.j.t.JMeterThread: Thread is done: Grupo de Usuários 1-44
2024-06-24 13:27:59,310 INFO o.a.j.t.JMeterThread: Thread finished: Grupo de Usuários 1-44
2024-06-24 13:27:59,480 INFO o.a.j.t.JMeterThread: Thread is done: Grupo de Usuários 1-48
2024-06-24 13:27:59,480 INFO o.a.j.t.JMeterThread: Thread is done: Grupo de Usuários 1-45
2024-06-24 13:27:59,480 INFO o.a.j.t.JMeterThread: Thread finished: Grupo de Usuários 1-48
2024-06-24 13:27:59,480 INFO o.a.j.t.JMeterThread: Thread finished: Grupo de Usuários 1-45
2024-06-24 13:27:59,525 INFO o.a.j.t.JMeterThread: Thread is done: Grupo de Usuários 1-46
2024-06-24 13:27:59,525 INFO o.a.j.t.JMeterThread: Thread finished: Grupo de Usuários 1-46
2024-06-24 13:27:59,740 INFO o.a.j.t.JMeterThread: Thread is done: Grupo de Usuários 1-49
2024-06-24 13:27:59,740 INFO o.a.j.t.JMeterThread: Thread finished: Grupo de Usuários 1-49
2024-06-24 13:28:00,171 INFO o.a.j.r.Summariser: summary +     60 in 00:00:24 =    2.5/s Avg: 14847 Min:  8386 Max: 22676 Err:     0 (0.00%) Active: 216 Started: 275 Finished: 59
2024-06-24 13:28:00,172 INFO o.a.j.t.JMeterThread: Thread is done: Grupo de Usuários 1-51
2024-06-24 13:28:00,172 INFO o.a.j.t.JMeterThread: Thread finished: Grupo de Usuários 1-51
2024-06-24 13:28:00,359 INFO o.a.j.t.JMeterThread: Thread is done: Grupo de Usuários 1-50
2024-06-24 13:28:00,359 INFO o.a.j.t.JMeterThread: Thread finished: Grupo de Usuários 1-50
2024-06-24 13:28:00,729 INFO o.a.j.t.JMeterThread: Thread is done: Grupo de Usuários 1-54
2024-06-24 13:28:00,730 INFO o.a.j.t.JMeterThread: Thread finished: Grupo de Usuários 1-54
2024-06-24 13:28:01,147 INFO o.a.j.t.JMeterThread: Thread is done: Grupo de Usuários 1-53
2024-06-24 13:28:01,148 INFO o.a.j.t.JMeterThread: Thread finished: Grupo de Usuários 1-53
2024-06-24 13:28:01,675 INFO o.a.j.t.JMeterThread: Thread is done: Grupo de Usuários 1-52
2024-06-24 13:28:01,675 INFO o.a.j.t.JMeterThread: Thread finished: Grupo de Usuários 1-52
2024-06-24 13:28:02,183 INFO o.a.j.t.JMeterThread: Thread is done: Grupo de Usuários 1-60
2024-06-24 13:28:02,183 INFO o.a.j.t.JMeterThread: Thread finished: Grupo de Usuários 1-60
2024-06-24 13:28:02,303 INFO o.a.j.t.JMeterThread: Thread is done: Grupo de Usuários 1-58
2024-06-24 13:28:02,303 INFO o.a.j.t.JMeterThread: Thread finished: Grupo de Usuários 1-58
2024-06-24 13:28:02,304 INFO o.a.j.t.JMeterThread: Thread is done: Grupo de Usuários 1-59
2024-06-24 13:28:02,304 INFO o.a.j.t.JMeterThread: Thread finished: Grupo de Usuários 1-59
2024-06-24 13:28:02,516 INFO o.a.j.t.JMeterThread: Thread is done: Grupo de Usuários 1-55
2024-06-24 13:28:02,516 INFO o.a.j.t.JMeterThread: Thread finished: Grupo de Usuários 1-55
2024-06-24 13:28:03,067 INFO o.a.j.t.JMeterThread: Thread is done: Grupo de Usuários 1-56
2024-06-24 13:28:03,067 INFO o.a.j.t.JMeterThread: Thread finished: Grupo de Usuários 1-56
2024-06-24 13:28:03,421 INFO o.a.j.t.JMeterThread: Thread is done: Grupo de Usuários 1-57
2024-06-24 13:28:03,421 INFO o.a.j.t.JMeterThread: Thread finished: Grupo de Usuários 1-57
2024-06-24 13:28:03,498 INFO o.a.j.t.JMeterThread: Thread is done: Grupo de Usuários 1-62
2024-06-24 13:28:03,498 INFO o.a.j.t.JMeterThread: Thread finished: Grupo de Usuários 1-62
2024-06-24 13:28:03,512 INFO o.a.j.t.JMeterThread: Thread is done: Grupo de Usuários 1-61
2024-06-24 13:28:03,513 INFO o.a.j.t.JMeterThread: Thread finished: Grupo de Usuários 1-61
2024-06-24 13:28:03,729 INFO o.a.j.t.JMeterThread: Thread is done: Grupo de Usuários 1-63
2024-06-24 13:28:03,730 INFO o.a.j.t.JMeterThread: Thread finished: Grupo de Usuários 1-63
2024-06-24 13:28:03,730 INFO o.a.j.t.JMeterThread: Thread is done: Grupo de Usuários 1-64
2024-06-24 13:28:03,730 INFO o.a.j.t.JMeterThread: Thread finished: Grupo de Usuários 1-64
2024-06-24 13:28:03,746 INFO o.a.j.t.JMeterThread: Thread is done: Grupo de Usuários 1-65
2024-06-24 13:28:03,746 INFO o.a.j.t.JMeterThread: Thread finished: Grupo de Usuários 1-65
2024-06-24 13:28:03,869 INFO o.a.j.t.JMeterThread: Thread is done: Grupo de Usuários 1-67
2024-06-24 13:28:03,869 INFO o.a.j.t.JMeterThread: Thread finished: Grupo de Usuários 1-67
2024-06-24 13:28:04,289 INFO o.a.j.t.JMeterThread: Thread is done: Grupo de Usuários 1-66
2024-06-24 13:28:04,289 INFO o.a.j.t.JMeterThread: Thread finished: Grupo de Usuários 1-66
2024-06-24 13:28:04,478 INFO o.a.j.t.JMeterThread: Thread is done: Grupo de Usuários 1-68
2024-06-24 13:28:04,478 INFO o.a.j.t.JMeterThread: Thread finished: Grupo de Usuários 1-68
2024-06-24 13:28:05,079 INFO o.a.j.t.JMeterThread: Thread is done: Grupo de Usuários 1-69
2024-06-24 13:28:05,079 INFO o.a.j.t.JMeterThread: Thread finished: Grupo de Usuários 1-69
2024-06-24 13:28:05,703 INFO o.a.j.t.JMeterThread: Thread is done: Grupo de Usuários 1-70
2024-06-24 13:28:05,703 INFO o.a.j.t.JMeterThread: Thread finished: Grupo de Usuários 1-70
2024-06-24 13:28:06,316 INFO o.a.j.t.JMeterThread: Thread is done: Grupo de Usuários 1-71
2024-06-24 13:28:06,317 INFO o.a.j.t.JMeterThread: Thread finished: Grupo de Usuários 1-71
2024-06-24 13:28:07,389 INFO o.a.j.t.JMeterThread: Thread is done: Grupo de Usuários 1-74
2024-06-24 13:28:07,389 INFO o.a.j.t.JMeterThread: Thread finished: Grupo de Usuários 1-74
2024-06-24 13:28:07,389 INFO o.a.j.t.JMeterThread: Thread is done: Grupo de Usuários 1-72
2024-06-24 13:28:07,389 INFO o.a.j.t.JMeterThread: Thread finished: Grupo de Usuários 1-72
2024-06-24 13:28:07,389 INFO o.a.j.t.JMeterThread: Thread is done: Grupo de Usuários 1-75
2024-06-24 13:28:07,389 INFO o.a.j.t.JMeterThread: Thread finished: Grupo de Usuários 1-75
2024-06-24 13:28:07,634 INFO o.a.j.t.JMeterThread: Thread is done: Grupo de Usuários 1-73
2024-06-24 13:28:07,635 INFO o.a.j.t.JMeterThread: Thread finished: Grupo de Usuários 1-73
2024-06-24 13:28:08,332 INFO o.a.j.t.JMeterThread: Thread is done: Grupo de Usuários 1-76
2024-06-24 13:28:08,332 INFO o.a.j.t.JMeterThread: Thread finished: Grupo de Usuários 1-76
2024-06-24 13:28:08,812 INFO o.a.j.t.JMeterThread: Thread is done: Grupo de Usuários 1-79
2024-06-24 13:28:08,812 INFO o.a.j.t.JMeterThread: Thread finished: Grupo de Usuários 1-79
2024-06-24 13:28:08,937 INFO o.a.j.t.JMeterThread: Thread is done: Grupo de Usuários 1-77
2024-06-24 13:28:08,937 INFO o.a.j.t.JMeterThread: Thread finished: Grupo de Usuários 1-77
2024-06-24 13:28:08,952 INFO o.a.j.t.JMeterThread: Thread is done: Grupo de Usuários 1-78
2024-06-24 13:28:08,952 INFO o.a.j.t.JMeterThread: Thread finished: Grupo de Usuários 1-78
2024-06-24 13:28:09,170 INFO o.a.j.t.JMeterThread: Thread is done: Grupo de Usuários 1-80
2024-06-24 13:28:09,170 INFO o.a.j.t.JMeterThread: Thread finished: Grupo de Usuários 1-80
2024-06-24 13:28:09,170 INFO o.a.j.t.JMeterThread: Thread is done: Grupo de Usuários 1-84
2024-06-24 13:28:09,170 INFO o.a.j.t.JMeterThread: Thread finished: Grupo de Usuários 1-84
2024-06-24 13:28:09,308 INFO o.a.j.t.JMeterThread: Thread is done: Grupo de Usuários 1-81
2024-06-24 13:28:09,309 INFO o.a.j.t.JMeterThread: Thread finished: Grupo de Usuários 1-81
2024-06-24 13:28:09,402 INFO o.a.j.t.JMeterThread: Thread is done: Grupo de Usuários 1-82
2024-06-24 13:28:09,402 INFO o.a.j.t.JMeterThread: Thread finished: Grupo de Usuários 1-82
2024-06-24 13:28:09,785 INFO o.a.j.t.JMeterThread: Thread is done: Grupo de Usuários 1-83
2024-06-24 13:28:09,786 INFO o.a.j.t.JMeterThread: Thread finished: Grupo de Usuários 1-83
2024-06-24 13:28:09,989 INFO o.a.j.t.JMeterThread: Thread is done: Grupo de Usuários 1-85
2024-06-24 13:28:09,989 INFO o.a.j.t.JMeterThread: Thread finished: Grupo de Usuários 1-85
2024-06-24 13:28:10,469 INFO o.a.j.t.JMeterThread: Thread is done: Grupo de Usuários 1-88
2024-06-24 13:28:10,469 INFO o.a.j.t.JMeterThread: Thread finished: Grupo de Usuários 1-88
2024-06-24 13:28:10,839 INFO o.a.j.t.JMeterThread: Thread is done: Grupo de Usuários 1-90
2024-06-24 13:28:10,840 INFO o.a.j.t.JMeterThread: Thread finished: Grupo de Usuários 1-90
2024-06-24 13:28:11,119 INFO o.a.j.t.JMeterThread: Thread is done: Grupo de Usuários 1-87
2024-06-24 13:28:11,119 INFO o.a.j.t.JMeterThread: Thread finished: Grupo de Usuários 1-87
2024-06-24 13:28:11,661 INFO o.a.j.t.JMeterThread: Thread is done: Grupo de Usuários 1-86
2024-06-24 13:28:11,662 INFO o.a.j.t.JMeterThread: Thread finished: Grupo de Usuários 1-86
2024-06-24 13:28:11,740 INFO o.a.j.t.JMeterThread: Thread is done: Grupo de Usuários 1-89
2024-06-24 13:28:11,740 INFO o.a.j.t.JMeterThread: Thread finished: Grupo de Usuários 1-89
2024-06-24 13:28:11,785 INFO o.a.j.t.JMeterThread: Thread is done: Grupo de Usuários 1-91
2024-06-24 13:28:11,786 INFO o.a.j.t.JMeterThread: Thread finished: Grupo de Usuários 1-91
2024-06-24 13:28:11,893 INFO o.a.j.t.JMeterThread: Thread is done: Grupo de Usuários 1-92
2024-06-24 13:28:11,893 INFO o.a.j.t.JMeterThread: Thread finished: Grupo de Usuários 1-92
2024-06-24 13:28:12,357 INFO o.a.j.t.JMeterThread: Thread is done: Grupo de Usuários 1-95
2024-06-24 13:28:12,357 INFO o.a.j.t.JMeterThread: Thread finished: Grupo de Usuários 1-95
2024-06-24 13:28:12,698 INFO o.a.j.t.JMeterThread: Thread is done: Grupo de Usuários 1-94
2024-06-24 13:28:12,698 INFO o.a.j.t.JMeterThread: Thread finished: Grupo de Usuários 1-94
2024-06-24 13:28:12,870 INFO o.a.j.t.JMeterThread: Thread is done: Grupo de Usuários 1-98
2024-06-24 13:28:12,870 INFO o.a.j.t.JMeterThread: Thread finished: Grupo de Usuários 1-98
2024-06-24 13:28:12,870 INFO o.a.j.t.JMeterThread: Thread is done: Grupo de Usuários 1-93
2024-06-24 13:28:12,870 INFO o.a.j.t.JMeterThread: Thread finished: Grupo de Usuários 1-93
2024-06-24 13:28:12,993 INFO o.a.j.t.JMeterThread: Thread is done: Grupo de Usuários 1-96
2024-06-24 13:28:12,993 INFO o.a.j.t.JMeterThread: Thread finished: Grupo de Usuários 1-96
2024-06-24 13:28:13,024 INFO o.a.j.t.JMeterThread: Thread is done: Grupo de Usuários 1-103
2024-06-24 13:28:13,024 INFO o.a.j.t.JMeterThread: Thread finished: Grupo de Usuários 1-103
2024-06-24 13:28:13,103 INFO o.a.j.t.JMeterThread: Thread is done: Grupo de Usuários 1-97
2024-06-24 13:28:13,103 INFO o.a.j.t.JMeterThread: Thread finished: Grupo de Usuários 1-97
2024-06-24 13:28:13,334 INFO o.a.j.t.JMeterThread: Thread is done: Grupo de Usuários 1-102
2024-06-24 13:28:13,334 INFO o.a.j.t.JMeterThread: Thread finished: Grupo de Usuários 1-102
2024-06-24 13:28:13,581 INFO o.a.j.t.JMeterThread: Thread is done: Grupo de Usuários 1-101
2024-06-24 13:28:13,581 INFO o.a.j.t.JMeterThread: Thread finished: Grupo de Usuários 1-101
2024-06-24 13:28:14,013 INFO o.a.j.t.JMeterThread: Thread is done: Grupo de Usuários 1-104
2024-06-24 13:28:14,013 INFO o.a.j.t.JMeterThread: Thread finished: Grupo de Usuários 1-104
2024-06-24 13:28:14,200 INFO o.a.j.t.JMeterThread: Thread is done: Grupo de Usuários 1-100
2024-06-24 13:28:14,200 INFO o.a.j.t.JMeterThread: Thread finished: Grupo de Usuários 1-100
2024-06-24 13:28:14,838 INFO o.a.j.t.JMeterThread: Thread is done: Grupo de Usuários 1-105
2024-06-24 13:28:14,838 INFO o.a.j.t.JMeterThread: Thread finished: Grupo de Usuários 1-105
2024-06-24 13:28:15,189 INFO o.a.j.t.JMeterThread: Thread is done: Grupo de Usuários 1-106
2024-06-24 13:28:15,189 INFO o.a.j.t.JMeterThread: Thread finished: Grupo de Usuários 1-106
2024-06-24 13:28:15,573 INFO o.a.j.t.JMeterThread: Thread is done: Grupo de Usuários 1-99
2024-06-24 13:28:15,573 INFO o.a.j.t.JMeterThread: Thread finished: Grupo de Usuários 1-99
2024-06-24 13:28:15,696 INFO o.a.j.t.JMeterThread: Thread is done: Grupo de Usuários 1-110
2024-06-24 13:28:15,696 INFO o.a.j.t.JMeterThread: Thread finished: Grupo de Usuários 1-110
2024-06-24 13:28:15,726 INFO o.a.j.t.JMeterThread: Thread is done: Grupo de Usuários 1-113
2024-06-24 13:28:15,727 INFO o.a.j.t.JMeterThread: Thread finished: Grupo de Usuários 1-113
2024-06-24 13:28:15,909 INFO o.a.j.t.JMeterThread: Thread is done: Grupo de Usuários 1-120
2024-06-24 13:28:15,909 INFO o.a.j.t.JMeterThread: Thread finished: Grupo de Usuários 1-120
2024-06-24 13:28:16,509 INFO o.a.j.t.JMeterThread: Thread is done: Grupo de Usuários 1-114
2024-06-24 13:28:16,509 INFO o.a.j.t.JMeterThread: Thread finished: Grupo de Usuários 1-114
2024-06-24 13:28:16,991 INFO o.a.j.t.JMeterThread: Thread is done: Grupo de Usuários 1-115
2024-06-24 13:28:16,991 INFO o.a.j.t.JMeterThread: Thread finished: Grupo de Usuários 1-115
2024-06-24 13:28:17,129 INFO o.a.j.t.JMeterThread: Thread is done: Grupo de Usuários 1-118
2024-06-24 13:28:17,129 INFO o.a.j.t.JMeterThread: Thread is done: Grupo de Usuários 1-119
2024-06-24 13:28:17,129 INFO o.a.j.t.JMeterThread: Thread finished: Grupo de Usuários 1-118
2024-06-24 13:28:17,129 INFO o.a.j.t.JMeterThread: Thread finished: Grupo de Usuários 1-119
2024-06-24 13:28:17,159 INFO o.a.j.t.JMeterThread: Thread is done: Grupo de Usuários 1-123
2024-06-24 13:28:17,159 INFO o.a.j.t.JMeterThread: Thread finished: Grupo de Usuários 1-123
2024-06-24 13:28:17,222 INFO o.a.j.t.JMeterThread: Thread is done: Grupo de Usuários 1-124
2024-06-24 13:28:17,223 INFO o.a.j.t.JMeterThread: Thread finished: Grupo de Usuários 1-124
2024-06-24 13:28:17,377 INFO o.a.j.t.JMeterThread: Thread is done: Grupo de Usuários 1-117
2024-06-24 13:28:17,379 INFO o.a.j.t.JMeterThread: Thread finished: Grupo de Usuários 1-117
2024-06-24 13:28:17,517 INFO o.a.j.t.JMeterThread: Thread is done: Grupo de Usuários 1-121
2024-06-24 13:28:17,517 INFO o.a.j.t.JMeterThread: Thread finished: Grupo de Usuários 1-121
2024-06-24 13:28:17,769 INFO o.a.j.t.JMeterThread: Thread is done: Grupo de Usuários 1-127
2024-06-24 13:28:17,769 INFO o.a.j.t.JMeterThread: Thread finished: Grupo de Usuários 1-127
2024-06-24 13:28:18,170 INFO o.a.j.t.JMeterThread: Thread is done: Grupo de Usuários 1-126
2024-06-24 13:28:18,170 INFO o.a.j.t.JMeterThread: Thread finished: Grupo de Usuários 1-126
2024-06-24 13:28:18,432 INFO o.a.j.t.JMeterThread: Thread is done: Grupo de Usuários 1-125
2024-06-24 13:28:18,432 INFO o.a.j.t.JMeterThread: Thread finished: Grupo de Usuários 1-125
2024-06-24 13:28:19,127 INFO o.a.j.t.JMeterThread: Thread is done: Grupo de Usuários 1-122
2024-06-24 13:28:19,127 INFO o.a.j.t.JMeterThread: Thread finished: Grupo de Usuários 1-122
2024-06-24 13:28:19,634 INFO o.a.j.t.JMeterThread: Thread is done: Grupo de Usuários 1-130
2024-06-24 13:28:19,634 INFO o.a.j.t.JMeterThread: Thread finished: Grupo de Usuários 1-130
2024-06-24 13:28:19,988 INFO o.a.j.t.JMeterThread: Thread is done: Grupo de Usuários 1-133
2024-06-24 13:28:19,988 INFO o.a.j.t.JMeterThread: Thread finished: Grupo de Usuários 1-133
2024-06-24 13:28:20,218 INFO o.a.j.t.JMeterThread: Thread is done: Grupo de Usuários 1-132
2024-06-24 13:28:20,218 INFO o.a.j.t.JMeterThread: Thread finished: Grupo de Usuários 1-132
2024-06-24 13:28:20,267 INFO o.a.j.t.JMeterThread: Thread is done: Grupo de Usuários 1-131
2024-06-24 13:28:20,267 INFO o.a.j.t.JMeterThread: Thread finished: Grupo de Usuários 1-131
2024-06-24 13:28:20,590 INFO o.a.j.t.JMeterThread: Thread is done: Grupo de Usuários 1-136
2024-06-24 13:28:20,590 INFO o.a.j.t.JMeterThread: Thread finished: Grupo de Usuários 1-136
2024-06-24 13:28:21,268 INFO o.a.j.t.JMeterThread: Thread is done: Grupo de Usuários 1-134
2024-06-24 13:28:21,268 INFO o.a.j.t.JMeterThread: Thread finished: Grupo de Usuários 1-134
2024-06-24 13:28:21,995 INFO o.a.j.t.JMeterThread: Thread is done: Grupo de Usuários 1-140
2024-06-24 13:28:21,995 INFO o.a.j.t.JMeterThread: Thread finished: Grupo de Usuários 1-140
2024-06-24 13:28:22,072 INFO o.a.j.t.JMeterThread: Thread is done: Grupo de Usuários 1-138
2024-06-24 13:28:22,072 INFO o.a.j.t.JMeterThread: Thread finished: Grupo de Usuários 1-138
2024-06-24 13:28:22,098 INFO o.a.j.t.JMeterThread: Thread is done: Grupo de Usuários 1-142
2024-06-24 13:28:22,099 INFO o.a.j.t.JMeterThread: Thread finished: Grupo de Usuários 1-142
2024-06-24 13:28:22,150 INFO o.a.j.t.JMeterThread: Thread is done: Grupo de Usuários 1-139
2024-06-24 13:28:22,150 INFO o.a.j.t.JMeterThread: Thread finished: Grupo de Usuários 1-139
2024-06-24 13:28:22,242 INFO o.a.j.t.JMeterThread: Thread is done: Grupo de Usuários 1-135
2024-06-24 13:28:22,242 INFO o.a.j.t.JMeterThread: Thread finished: Grupo de Usuários 1-135
2024-06-24 13:28:22,383 INFO o.a.j.t.JMeterThread: Thread is done: Grupo de Usuários 1-141
2024-06-24 13:28:22,383 INFO o.a.j.t.JMeterThread: Thread finished: Grupo de Usuários 1-141
2024-06-24 13:28:22,507 INFO o.a.j.t.JMeterThread: Thread is done: Grupo de Usuários 1-150
2024-06-24 13:28:22,507 INFO o.a.j.t.JMeterThread: Thread finished: Grupo de Usuários 1-150
2024-06-24 13:28:22,757 INFO o.a.j.t.JMeterThread: Thread is done: Grupo de Usuários 1-149
2024-06-24 13:28:22,757 INFO o.a.j.t.JMeterThread: Thread finished: Grupo de Usuários 1-149
2024-06-24 13:28:23,128 INFO o.a.j.t.JMeterThread: Thread is done: Grupo de Usuários 1-148
2024-06-24 13:28:23,129 INFO o.a.j.t.JMeterThread: Thread finished: Grupo de Usuários 1-148
2024-06-24 13:28:23,437 INFO o.a.j.t.JMeterThread: Thread is done: Grupo de Usuários 1-147
2024-06-24 13:28:23,437 INFO o.a.j.t.JMeterThread: Thread finished: Grupo de Usuários 1-147
2024-06-24 13:28:24,055 INFO o.a.j.t.JMeterThread: Thread is done: Grupo de Usuários 1-145
2024-06-24 13:28:24,055 INFO o.a.j.t.JMeterThread: Thread finished: Grupo de Usuários 1-145
2024-06-24 13:28:24,426 INFO o.a.j.t.JMeterThread: Thread is done: Grupo de Usuários 1-146
2024-06-24 13:28:24,426 INFO o.a.j.t.JMeterThread: Thread finished: Grupo de Usuários 1-146
2024-06-24 13:28:24,674 INFO o.a.j.t.JMeterThread: Thread is done: Grupo de Usuários 1-144
2024-06-24 13:28:24,674 INFO o.a.j.t.JMeterThread: Thread finished: Grupo de Usuários 1-144
2024-06-24 13:28:24,788 INFO o.a.j.t.JMeterThread: Thread is done: Grupo de Usuários 1-153
2024-06-24 13:28:24,789 INFO o.a.j.t.JMeterThread: Thread finished: Grupo de Usuários 1-153
2024-06-24 13:28:24,941 INFO o.a.j.t.JMeterThread: Thread is done: Grupo de Usuários 1-152
2024-06-24 13:28:24,941 INFO o.a.j.t.JMeterThread: Thread finished: Grupo de Usuários 1-152
2024-06-24 13:28:25,105 INFO o.a.j.t.JMeterThread: Thread is done: Grupo de Usuários 1-151
2024-06-24 13:28:25,105 INFO o.a.j.t.JMeterThread: Thread finished: Grupo de Usuários 1-151
2024-06-24 13:28:25,694 INFO o.a.j.t.JMeterThread: Thread is done: Grupo de Usuários 1-154
2024-06-24 13:28:25,694 INFO o.a.j.t.JMeterThread: Thread finished: Grupo de Usuários 1-154
2024-06-24 13:28:26,482 INFO o.a.j.t.JMeterThread: Thread is done: Grupo de Usuários 1-156
2024-06-24 13:28:26,482 INFO o.a.j.t.JMeterThread: Thread finished: Grupo de Usuários 1-156
2024-06-24 13:28:26,558 INFO o.a.j.t.JMeterThread: Thread is done: Grupo de Usuários 1-155
2024-06-24 13:28:26,558 INFO o.a.j.t.JMeterThread: Thread finished: Grupo de Usuários 1-155
2024-06-24 13:28:26,636 INFO o.a.j.t.JMeterThread: Thread is done: Grupo de Usuários 1-157
2024-06-24 13:28:26,637 INFO o.a.j.t.JMeterThread: Thread finished: Grupo de Usuários 1-157
2024-06-24 13:28:26,652 INFO o.a.j.t.JMeterThread: Thread is done: Grupo de Usuários 1-158
2024-06-24 13:28:26,652 INFO o.a.j.t.JMeterThread: Thread finished: Grupo de Usuários 1-158
2024-06-24 13:28:26,807 INFO o.a.j.t.JMeterThread: Thread is done: Grupo de Usuários 1-159
2024-06-24 13:28:26,807 INFO o.a.j.t.JMeterThread: Thread finished: Grupo de Usuários 1-159
2024-06-24 13:28:26,838 INFO o.a.j.t.JMeterThread: Thread is done: Grupo de Usuários 1-165
2024-06-24 13:28:26,838 INFO o.a.j.t.JMeterThread: Thread finished: Grupo de Usuários 1-165
2024-06-24 13:28:26,963 INFO o.a.j.t.JMeterThread: Thread is done: Grupo de Usuários 1-167
2024-06-24 13:28:26,963 INFO o.a.j.t.JMeterThread: Thread finished: Grupo de Usuários 1-167
2024-06-24 13:28:27,040 INFO o.a.j.t.JMeterThread: Thread is done: Grupo de Usuários 1-166
2024-06-24 13:28:27,040 INFO o.a.j.t.JMeterThread: Thread finished: Grupo de Usuários 1-166
2024-06-24 13:28:27,507 INFO o.a.j.t.JMeterThread: Thread is done: Grupo de Usuários 1-162
2024-06-24 13:28:27,508 INFO o.a.j.t.JMeterThread: Thread finished: Grupo de Usuários 1-162
2024-06-24 13:28:27,664 INFO o.a.j.t.JMeterThread: Thread is done: Grupo de Usuários 1-160
2024-06-24 13:28:27,664 INFO o.a.j.t.JMeterThread: Thread finished: Grupo de Usuários 1-160
2024-06-24 13:28:28,330 INFO o.a.j.t.JMeterThread: Thread is done: Grupo de Usuários 1-168
2024-06-24 13:28:28,330 INFO o.a.j.t.JMeterThread: Thread finished: Grupo de Usuários 1-168
2024-06-24 13:28:28,780 INFO o.a.j.t.JMeterThread: Thread is done: Grupo de Usuários 1-161
2024-06-24 13:28:28,780 INFO o.a.j.t.JMeterThread: Thread finished: Grupo de Usuários 1-161
2024-06-24 13:28:28,936 INFO o.a.j.t.JMeterThread: Thread is done: Grupo de Usuários 1-164
2024-06-24 13:28:28,936 INFO o.a.j.t.JMeterThread: Thread finished: Grupo de Usuários 1-164
2024-06-24 13:28:29,012 INFO o.a.j.t.JMeterThread: Thread is done: Grupo de Usuários 1-169
2024-06-24 13:28:29,012 INFO o.a.j.t.JMeterThread: Thread finished: Grupo de Usuários 1-169
2024-06-24 13:28:29,169 INFO o.a.j.t.JMeterThread: Thread is done: Grupo de Usuários 1-163
2024-06-24 13:28:29,169 INFO o.a.j.t.JMeterThread: Thread finished: Grupo de Usuários 1-163
2024-06-24 13:28:29,474 INFO o.a.j.t.JMeterThread: Thread is done: Grupo de Usuários 1-174
2024-06-24 13:28:29,474 INFO o.a.j.t.JMeterThread: Thread finished: Grupo de Usuários 1-174
2024-06-24 13:28:29,984 INFO o.a.j.t.JMeterThread: Thread is done: Grupo de Usuários 1-170
2024-06-24 13:28:29,984 INFO o.a.j.t.JMeterThread: Thread finished: Grupo de Usuários 1-170
2024-06-24 13:28:30,716 INFO o.a.j.r.Summariser: summary +    112 in 00:00:31 =    3.7/s Avg: 36992 Min: 22885 Max: 51019 Err:     0 (0.00%) Active: 104 Started: 275 Finished: 171
2024-06-24 13:28:30,717 INFO o.a.j.r.Summariser: summary =    172 in 00:00:54 =    3.2/s Avg: 29267 Min:  8386 Max: 51019 Err:     0 (0.00%)
2024-06-24 13:28:30,717 INFO o.a.j.t.JMeterThread: Thread is done: Grupo de Usuários 1-175
2024-06-24 13:28:30,717 INFO o.a.j.t.JMeterThread: Thread finished: Grupo de Usuários 1-175
2024-06-24 13:28:30,820 INFO o.a.j.t.JMeterThread: Thread is done: Grupo de Usuários 1-173
2024-06-24 13:28:30,820 INFO o.a.j.t.JMeterThread: Thread finished: Grupo de Usuários 1-173
2024-06-24 13:28:30,901 INFO o.a.j.t.JMeterThread: Thread is done: Grupo de Usuários 1-171
2024-06-24 13:28:30,901 INFO o.a.j.t.JMeterThread: Thread finished: Grupo de Usuários 1-171
2024-06-24 13:28:30,901 INFO o.a.j.t.JMeterThread: Thread is done: Grupo de Usuários 1-172
2024-06-24 13:28:30,902 INFO o.a.j.t.JMeterThread: Thread finished: Grupo de Usuários 1-172
2024-06-24 13:28:30,997 INFO o.a.j.t.JMeterThread: Thread is done: Grupo de Usuários 1-179
2024-06-24 13:28:30,997 INFO o.a.j.t.JMeterThread: Thread finished: Grupo de Usuários 1-179
2024-06-24 13:28:31,054 INFO o.a.j.t.JMeterThread: Thread is done: Grupo de Usuários 1-176
2024-06-24 13:28:31,054 INFO o.a.j.t.JMeterThread: Thread finished: Grupo de Usuários 1-176
2024-06-24 13:28:31,115 INFO o.a.j.t.JMeterThread: Thread is done: Grupo de Usuários 1-180
2024-06-24 13:28:31,115 INFO o.a.j.t.JMeterThread: Thread finished: Grupo de Usuários 1-180
2024-06-24 13:28:31,192 INFO o.a.j.t.JMeterThread: Thread is done: Grupo de Usuários 1-178
2024-06-24 13:28:31,192 INFO o.a.j.t.JMeterThread: Thread finished: Grupo de Usuários 1-178
2024-06-24 13:28:31,658 INFO o.a.j.t.JMeterThread: Thread is done: Grupo de Usuários 1-181
2024-06-24 13:28:31,658 INFO o.a.j.t.JMeterThread: Thread finished: Grupo de Usuários 1-181
2024-06-24 13:28:31,762 INFO o.a.j.t.JMeterThread: Thread is done: Grupo de Usuários 1-183
2024-06-24 13:28:31,762 INFO o.a.j.t.JMeterThread: Thread finished: Grupo de Usuários 1-183
2024-06-24 13:28:32,544 INFO o.a.j.t.JMeterThread: Thread is done: Grupo de Usuários 1-177
2024-06-24 13:28:32,544 INFO o.a.j.t.JMeterThread: Thread finished: Grupo de Usuários 1-177
2024-06-24 13:28:32,850 INFO o.a.j.t.JMeterThread: Thread is done: Grupo de Usuários 1-182
2024-06-24 13:28:32,850 INFO o.a.j.t.JMeterThread: Thread finished: Grupo de Usuários 1-182
2024-06-24 13:28:32,976 INFO o.a.j.t.JMeterThread: Thread is done: Grupo de Usuários 1-187
2024-06-24 13:28:32,976 INFO o.a.j.t.JMeterThread: Thread finished: Grupo de Usuários 1-187
2024-06-24 13:28:33,004 INFO o.a.j.t.JMeterThread: Thread is done: Grupo de Usuários 1-189
2024-06-24 13:28:33,004 INFO o.a.j.t.JMeterThread: Thread finished: Grupo de Usuários 1-189
2024-06-24 13:28:33,250 INFO o.a.j.t.JMeterThread: Thread is done: Grupo de Usuários 1-185
2024-06-24 13:28:33,250 INFO o.a.j.t.JMeterThread: Thread finished: Grupo de Usuários 1-185
2024-06-24 13:28:33,465 INFO o.a.j.t.JMeterThread: Thread is done: Grupo de Usuários 1-184
2024-06-24 13:28:33,465 INFO o.a.j.t.JMeterThread: Thread finished: Grupo de Usuários 1-184
2024-06-24 13:28:33,805 INFO o.a.j.t.JMeterThread: Thread is done: Grupo de Usuários 1-186
2024-06-24 13:28:33,805 INFO o.a.j.t.JMeterThread: Thread finished: Grupo de Usuários 1-186
2024-06-24 13:28:34,361 INFO o.a.j.t.JMeterThread: Thread is done: Grupo de Usuários 1-188
2024-06-24 13:28:34,362 INFO o.a.j.t.JMeterThread: Thread finished: Grupo de Usuários 1-188
2024-06-24 13:28:34,563 INFO o.a.j.t.JMeterThread: Thread is done: Grupo de Usuários 1-190
2024-06-24 13:28:34,563 INFO o.a.j.t.JMeterThread: Thread finished: Grupo de Usuários 1-190
2024-06-24 13:28:34,654 INFO o.a.j.t.JMeterThread: Thread is done: Grupo de Usuários 1-192
2024-06-24 13:28:34,654 INFO o.a.j.t.JMeterThread: Thread finished: Grupo de Usuários 1-192
2024-06-24 13:28:34,702 INFO o.a.j.t.JMeterThread: Thread is done: Grupo de Usuários 1-194
2024-06-24 13:28:34,703 INFO o.a.j.t.JMeterThread: Thread finished: Grupo de Usuários 1-194
2024-06-24 13:28:34,704 INFO o.a.j.t.JMeterThread: Thread is done: Grupo de Usuários 1-195
2024-06-24 13:28:34,704 INFO o.a.j.t.JMeterThread: Thread finished: Grupo de Usuários 1-195
2024-06-24 13:28:34,763 INFO o.a.j.t.JMeterThread: Thread is done: Grupo de Usuários 1-197
2024-06-24 13:28:34,763 INFO o.a.j.t.JMeterThread: Thread finished: Grupo de Usuários 1-197
2024-06-24 13:28:34,778 INFO o.a.j.t.JMeterThread: Thread is done: Grupo de Usuários 1-193
2024-06-24 13:28:34,778 INFO o.a.j.t.JMeterThread: Thread finished: Grupo de Usuários 1-193
2024-06-24 13:28:34,870 INFO o.a.j.t.JMeterThread: Thread is done: Grupo de Usuários 1-198
2024-06-24 13:28:34,870 INFO o.a.j.t.JMeterThread: Thread finished: Grupo de Usuários 1-198
2024-06-24 13:28:35,289 INFO o.a.j.t.JMeterThread: Thread is done: Grupo de Usuários 1-191
2024-06-24 13:28:35,289 INFO o.a.j.t.JMeterThread: Thread finished: Grupo de Usuários 1-191
2024-06-24 13:28:35,337 INFO o.a.j.t.JMeterThread: Thread is done: Grupo de Usuários 1-196
2024-06-24 13:28:35,337 INFO o.a.j.t.JMeterThread: Thread finished: Grupo de Usuários 1-196
2024-06-24 13:28:36,033 INFO o.a.j.t.JMeterThread: Thread is done: Grupo de Usuários 1-201
2024-06-24 13:28:36,033 INFO o.a.j.t.JMeterThread: Thread finished: Grupo de Usuários 1-201
2024-06-24 13:28:36,390 INFO o.a.j.t.JMeterThread: Thread is done: Grupo de Usuários 1-202
2024-06-24 13:28:36,391 INFO o.a.j.t.JMeterThread: Thread finished: Grupo de Usuários 1-202
2024-06-24 13:28:36,454 INFO o.a.j.t.JMeterThread: Thread is done: Grupo de Usuários 1-199
2024-06-24 13:28:36,454 INFO o.a.j.t.JMeterThread: Thread finished: Grupo de Usuários 1-199
2024-06-24 13:28:36,490 INFO o.a.j.t.JMeterThread: Thread is done: Grupo de Usuários 1-205
2024-06-24 13:28:36,490 INFO o.a.j.t.JMeterThread: Thread finished: Grupo de Usuários 1-205
2024-06-24 13:28:36,763 INFO o.a.j.t.JMeterThread: Thread is done: Grupo de Usuários 1-203
2024-06-24 13:28:36,763 INFO o.a.j.t.JMeterThread: Thread finished: Grupo de Usuários 1-203
2024-06-24 13:28:36,840 INFO o.a.j.t.JMeterThread: Thread is done: Grupo de Usuários 1-204
2024-06-24 13:28:36,840 INFO o.a.j.t.JMeterThread: Thread finished: Grupo de Usuários 1-204
2024-06-24 13:28:37,214 INFO o.a.j.t.JMeterThread: Thread is done: Grupo de Usuários 1-206
2024-06-24 13:28:37,214 INFO o.a.j.t.JMeterThread: Thread finished: Grupo de Usuários 1-206
2024-06-24 13:28:38,055 INFO o.a.j.t.JMeterThread: Thread is done: Grupo de Usuários 1-207
2024-06-24 13:28:38,055 INFO o.a.j.t.JMeterThread: Thread finished: Grupo de Usuários 1-207
2024-06-24 13:28:38,245 INFO o.a.j.t.JMeterThread: Thread is done: Grupo de Usuários 1-200
2024-06-24 13:28:38,245 INFO o.a.j.t.JMeterThread: Thread finished: Grupo de Usuários 1-200
2024-06-24 13:28:38,304 INFO o.a.j.t.JMeterThread: Thread is done: Grupo de Usuários 1-210
2024-06-24 13:28:38,304 INFO o.a.j.t.JMeterThread: Thread finished: Grupo de Usuários 1-210
2024-06-24 13:28:38,429 INFO o.a.j.t.JMeterThread: Thread is done: Grupo de Usuários 1-209
2024-06-24 13:28:38,429 INFO o.a.j.t.JMeterThread: Thread finished: Grupo de Usuários 1-209
2024-06-24 13:28:38,445 INFO o.a.j.t.JMeterThread: Thread is done: Grupo de Usuários 1-211
2024-06-24 13:28:38,445 INFO o.a.j.t.JMeterThread: Thread finished: Grupo de Usuários 1-211
2024-06-24 13:28:38,504 INFO o.a.j.t.JMeterThread: Thread is done: Grupo de Usuários 1-208
2024-06-24 13:28:38,504 INFO o.a.j.t.JMeterThread: Thread finished: Grupo de Usuários 1-208
2024-06-24 13:28:38,600 INFO o.a.j.t.JMeterThread: Thread is done: Grupo de Usuários 1-213
2024-06-24 13:28:38,600 INFO o.a.j.t.JMeterThread: Thread finished: Grupo de Usuários 1-213
2024-06-24 13:28:38,677 INFO o.a.j.t.JMeterThread: Thread is done: Grupo de Usuários 1-216
2024-06-24 13:28:38,677 INFO o.a.j.t.JMeterThread: Thread finished: Grupo de Usuários 1-216
2024-06-24 13:28:39,021 INFO o.a.j.t.JMeterThread: Thread is done: Grupo de Usuários 1-212
2024-06-24 13:28:39,021 INFO o.a.j.t.JMeterThread: Thread finished: Grupo de Usuários 1-212
2024-06-24 13:28:39,031 INFO o.a.j.t.JMeterThread: Thread is done: Grupo de Usuários 1-215
2024-06-24 13:28:39,031 INFO o.a.j.t.JMeterThread: Thread finished: Grupo de Usuários 1-215
2024-06-24 13:28:39,806 INFO o.a.j.t.JMeterThread: Thread is done: Grupo de Usuários 1-214
2024-06-24 13:28:39,806 INFO o.a.j.t.JMeterThread: Thread finished: Grupo de Usuários 1-214
2024-06-24 13:28:40,184 INFO o.a.j.t.JMeterThread: Thread is done: Grupo de Usuários 1-222
2024-06-24 13:28:40,184 INFO o.a.j.t.JMeterThread: Thread finished: Grupo de Usuários 1-222
2024-06-24 13:28:40,256 INFO o.a.j.t.JMeterThread: Thread is done: Grupo de Usuários 1-228
2024-06-24 13:28:40,256 INFO o.a.j.t.JMeterThread: Thread finished: Grupo de Usuários 1-228
2024-06-24 13:28:40,287 INFO o.a.j.t.JMeterThread: Thread is done: Grupo de Usuários 1-221
2024-06-24 13:28:40,287 INFO o.a.j.t.JMeterThread: Thread finished: Grupo de Usuários 1-221
2024-06-24 13:28:40,473 INFO o.a.j.t.JMeterThread: Thread is done: Grupo de Usuários 1-220
2024-06-24 13:28:40,473 INFO o.a.j.t.JMeterThread: Thread finished: Grupo de Usuários 1-220
2024-06-24 13:28:40,502 INFO o.a.j.t.JMeterThread: Thread is done: Grupo de Usuários 1-227
2024-06-24 13:28:40,504 INFO o.a.j.t.JMeterThread: Thread finished: Grupo de Usuários 1-227
2024-06-24 13:28:41,048 INFO o.a.j.t.JMeterThread: Thread is done: Grupo de Usuários 1-226
2024-06-24 13:28:41,048 INFO o.a.j.t.JMeterThread: Thread finished: Grupo de Usuários 1-226
2024-06-24 13:28:41,792 INFO o.a.j.t.JMeterThread: Thread is done: Grupo de Usuários 1-223
2024-06-24 13:28:41,792 INFO o.a.j.t.JMeterThread: Thread finished: Grupo de Usuários 1-223
2024-06-24 13:28:41,900 INFO o.a.j.t.JMeterThread: Thread is done: Grupo de Usuários 1-225
2024-06-24 13:28:41,900 INFO o.a.j.t.JMeterThread: Thread finished: Grupo de Usuários 1-225
2024-06-24 13:28:41,977 INFO o.a.j.t.JMeterThread: Thread is done: Grupo de Usuários 1-219
2024-06-24 13:28:41,977 INFO o.a.j.t.JMeterThread: Thread finished: Grupo de Usuários 1-219
2024-06-24 13:28:42,083 INFO o.a.j.t.JMeterThread: Thread is done: Grupo de Usuários 1-217
2024-06-24 13:28:42,083 INFO o.a.j.t.JMeterThread: Thread is done: Grupo de Usuários 1-224
2024-06-24 13:28:42,083 INFO o.a.j.t.JMeterThread: Thread finished: Grupo de Usuários 1-217
2024-06-24 13:28:42,083 INFO o.a.j.t.JMeterThread: Thread finished: Grupo de Usuários 1-224
2024-06-24 13:28:42,118 INFO o.a.j.t.JMeterThread: Thread is done: Grupo de Usuários 1-218
2024-06-24 13:28:42,118 INFO o.a.j.t.JMeterThread: Thread finished: Grupo de Usuários 1-218
2024-06-24 13:28:42,180 INFO o.a.j.t.JMeterThread: Thread is done: Grupo de Usuários 1-231
2024-06-24 13:28:42,180 INFO o.a.j.t.JMeterThread: Thread finished: Grupo de Usuários 1-231
2024-06-24 13:28:42,274 INFO o.a.j.t.JMeterThread: Thread is done: Grupo de Usuários 1-229
2024-06-24 13:28:42,274 INFO o.a.j.t.JMeterThread: Thread finished: Grupo de Usuários 1-229
2024-06-24 13:28:42,719 INFO o.a.j.t.JMeterThread: Thread is done: Grupo de Usuários 1-232
2024-06-24 13:28:42,719 INFO o.a.j.t.JMeterThread: Thread finished: Grupo de Usuários 1-232
2024-06-24 13:28:42,735 INFO o.a.j.t.JMeterThread: Thread is done: Grupo de Usuários 1-234
2024-06-24 13:28:42,735 INFO o.a.j.t.JMeterThread: Thread finished: Grupo de Usuários 1-234
2024-06-24 13:28:43,627 INFO o.a.j.t.JMeterThread: Thread is done: Grupo de Usuários 1-235
2024-06-24 13:28:43,627 INFO o.a.j.t.JMeterThread: Thread finished: Grupo de Usuários 1-235
2024-06-24 13:28:44,018 INFO o.a.j.t.JMeterThread: Thread is done: Grupo de Usuários 1-236
2024-06-24 13:28:44,018 INFO o.a.j.t.JMeterThread: Thread finished: Grupo de Usuários 1-236
2024-06-24 13:28:44,118 INFO o.a.j.t.JMeterThread: Thread is done: Grupo de Usuários 1-233
2024-06-24 13:28:44,118 INFO o.a.j.t.JMeterThread: Thread finished: Grupo de Usuários 1-233
2024-06-24 13:28:44,350 INFO o.a.j.t.JMeterThread: Thread is done: Grupo de Usuários 1-230
2024-06-24 13:28:44,350 INFO o.a.j.t.JMeterThread: Thread finished: Grupo de Usuários 1-230
2024-06-24 13:28:44,350 INFO o.a.j.t.JMeterThread: Thread is done: Grupo de Usuários 1-245
2024-06-24 13:28:44,350 INFO o.a.j.t.JMeterThread: Thread finished: Grupo de Usuários 1-245
2024-06-24 13:28:44,443 INFO o.a.j.t.JMeterThread: Thread is done: Grupo de Usuários 1-237
2024-06-24 13:28:44,443 INFO o.a.j.t.JMeterThread: Thread finished: Grupo de Usuários 1-237
2024-06-24 13:28:45,014 INFO o.a.j.t.JMeterThread: Thread is done: Grupo de Usuários 1-254
2024-06-24 13:28:45,014 INFO o.a.j.t.JMeterThread: Thread finished: Grupo de Usuários 1-254
2024-06-24 13:44:20,829 INFO o.a.j.t.JMeterThread: Thread is done: Grupo de Usuários 1-238
2024-06-24 13:44:20,830 INFO o.a.j.t.JMeterThread: Thread finished: Grupo de Usuários 1-238
2024-06-24 13:44:20,845 INFO o.a.j.t.JMeterThread: Thread is done: Grupo de Usuários 1-239
2024-06-24 13:44:20,845 INFO o.a.j.t.JMeterThread: Thread finished: Grupo de Usuários 1-239
2024-06-24 13:44:20,863 INFO o.a.j.t.JMeterThread: Thread is done: Grupo de Usuários 1-240
2024-06-24 13:44:20,863 INFO o.a.j.t.JMeterThread: Thread finished: Grupo de Usuários 1-240
2024-06-24 13:44:20,872 INFO o.a.j.t.JMeterThread: Thread is done: Grupo de Usuários 1-241
2024-06-24 13:44:20,872 INFO o.a.j.t.JMeterThread: Thread finished: Grupo de Usuários 1-241
2024-06-24 13:44:20,891 INFO o.a.j.t.JMeterThread: Thread is done: Grupo de Usuários 1-242
2024-06-24 13:44:20,891 INFO o.a.j.t.JMeterThread: Thread finished: Grupo de Usuários 1-242
2024-06-24 13:44:20,912 INFO o.a.j.t.JMeterThread: Thread is done: Grupo de Usuários 1-243
2024-06-24 13:44:20,912 INFO o.a.j.t.JMeterThread: Thread finished: Grupo de Usuários 1-243
2024-06-24 13:44:20,924 INFO o.a.j.t.JMeterThread: Thread is done: Grupo de Usuários 1-244
2024-06-24 13:44:20,924 INFO o.a.j.t.JMeterThread: Thread finished: Grupo de Usuários 1-244
2024-06-24 13:44:20,972 INFO o.a.j.t.JMeterThread: Thread is done: Grupo de Usuários 1-246
2024-06-24 13:44:20,972 INFO o.a.j.t.JMeterThread: Thread finished: Grupo de Usuários 1-246
2024-06-24 13:44:20,990 INFO o.a.j.t.JMeterThread: Thread is done: Grupo de Usuários 1-247
2024-06-24 13:44:20,990 INFO o.a.j.t.JMeterThread: Thread finished: Grupo de Usuários 1-247
2024-06-24 13:44:20,997 INFO o.a.j.t.JMeterThread: Thread is done: Grupo de Usuários 1-248
2024-06-24 13:44:20,997 INFO o.a.j.t.JMeterThread: Thread finished: Grupo de Usuários 1-248
2024-06-24 13:44:21,013 INFO o.a.j.t.JMeterThread: Thread is done: Grupo de Usuários 1-249
2024-06-24 13:44:21,013 INFO o.a.j.t.JMeterThread: Thread finished: Grupo de Usuários 1-249
2024-06-24 13:44:21,042 INFO o.a.j.t.JMeterThread: Thread is done: Grupo de Usuários 1-250
2024-06-24 13:44:21,042 INFO o.a.j.t.JMeterThread: Thread finished: Grupo de Usuários 1-250
2024-06-24 13:44:21,050 INFO o.a.j.t.JMeterThread: Thread is done: Grupo de Usuários 1-251
2024-06-24 13:44:21,050 INFO o.a.j.t.JMeterThread: Thread finished: Grupo de Usuários 1-251
2024-06-24 13:44:21,076 INFO o.a.j.t.JMeterThread: Thread is done: Grupo de Usuários 1-252
2024-06-24 13:44:21,076 INFO o.a.j.t.JMeterThread: Thread finished: Grupo de Usuários 1-252
2024-06-24 13:44:21,096 INFO o.a.j.t.JMeterThread: Thread is done: Grupo de Usuários 1-253
2024-06-24 13:44:21,097 INFO o.a.j.t.JMeterThread: Thread finished: Grupo de Usuários 1-253
2024-06-24 13:44:21,121 INFO o.a.j.t.JMeterThread: Thread is done: Grupo de Usuários 1-255
2024-06-24 13:44:21,121 INFO o.a.j.t.JMeterThread: Thread finished: Grupo de Usuários 1-255
2024-06-24 13:44:21,150 INFO o.a.j.t.JMeterThread: Thread is done: Grupo de Usuários 1-256
2024-06-24 13:44:21,150 INFO o.a.j.t.JMeterThread: Thread finished: Grupo de Usuários 1-256
2024-06-24 13:44:21,163 INFO o.a.j.t.JMeterThread: Thread is done: Grupo de Usuários 1-257
2024-06-24 13:44:21,163 INFO o.a.j.t.JMeterThread: Thread finished: Grupo de Usuários 1-257
2024-06-24 13:44:21,184 INFO o.a.j.t.JMeterThread: Thread is done: Grupo de Usuários 1-258
2024-06-24 13:44:21,184 INFO o.a.j.t.JMeterThread: Thread finished: Grupo de Usuários 1-258
2024-06-24 13:44:21,194 INFO o.a.j.t.JMeterThread: Thread is done: Grupo de Usuários 1-259
2024-06-24 13:44:21,194 INFO o.a.j.t.JMeterThread: Thread finished: Grupo de Usuários 1-259
2024-06-24 13:44:21,212 INFO o.a.j.t.JMeterThread: Thread is done: Grupo de Usuários 1-260
2024-06-24 13:44:21,212 INFO o.a.j.t.JMeterThread: Thread finished: Grupo de Usuários 1-260
2024-06-24 13:44:21,228 INFO o.a.j.t.JMeterThread: Thread is done: Grupo de Usuários 1-261
2024-06-24 13:44:21,228 INFO o.a.j.t.JMeterThread: Thread finished: Grupo de Usuários 1-261
2024-06-24 13:44:21,244 INFO o.a.j.t.JMeterThread: Thread is done: Grupo de Usuários 1-262
2024-06-24 13:44:21,244 INFO o.a.j.t.JMeterThread: Thread finished: Grupo de Usuários 1-262
2024-06-24 13:44:21,268 INFO o.a.j.t.JMeterThread: Thread is done: Grupo de Usuários 1-263
2024-06-24 13:44:21,268 INFO o.a.j.t.JMeterThread: Thread finished: Grupo de Usuários 1-263
2024-06-24 13:44:21,293 INFO o.a.j.t.JMeterThread: Thread is done: Grupo de Usuários 1-264
2024-06-24 13:44:21,294 INFO o.a.j.t.JMeterThread: Thread finished: Grupo de Usuários 1-264
2024-06-24 13:44:21,302 INFO o.a.j.t.JMeterThread: Thread is done: Grupo de Usuários 1-265
2024-06-24 13:44:21,302 INFO o.a.j.t.JMeterThread: Thread finished: Grupo de Usuários 1-265
2024-06-24 13:44:21,320 INFO o.a.j.t.JMeterThread: Thread is done: Grupo de Usuários 1-266
2024-06-24 13:44:21,320 INFO o.a.j.t.JMeterThread: Thread finished: Grupo de Usuários 1-266
2024-06-24 13:44:21,342 INFO o.a.j.t.JMeterThread: Thread is done: Grupo de Usuários 1-267
2024-06-24 13:44:21,342 INFO o.a.j.t.JMeterThread: Thread finished: Grupo de Usuários 1-267
2024-06-24 13:44:21,354 INFO o.a.j.t.JMeterThread: Thread is done: Grupo de Usuários 1-268
2024-06-24 13:44:21,355 INFO o.a.j.t.JMeterThread: Thread finished: Grupo de Usuários 1-268
2024-06-24 13:44:21,370 INFO o.a.j.t.JMeterThread: Thread is done: Grupo de Usuários 1-269
2024-06-24 13:44:21,370 INFO o.a.j.t.JMeterThread: Thread finished: Grupo de Usuários 1-269
2024-06-24 13:44:21,393 INFO o.a.j.t.JMeterThread: Thread is done: Grupo de Usuários 1-270
2024-06-24 13:44:21,393 INFO o.a.j.t.JMeterThread: Thread finished: Grupo de Usuários 1-270
2024-06-24 13:44:21,411 INFO o.a.j.t.JMeterThread: Thread is done: Grupo de Usuários 1-271
2024-06-24 13:44:21,411 INFO o.a.j.t.JMeterThread: Thread finished: Grupo de Usuários 1-271
2024-06-24 13:44:21,425 INFO o.a.j.t.JMeterThread: Thread is done: Grupo de Usuários 1-272
2024-06-24 13:44:21,425 INFO o.a.j.t.JMeterThread: Thread finished: Grupo de Usuários 1-272
2024-06-24 13:44:21,452 INFO o.a.j.t.JMeterThread: Thread is done: Grupo de Usuários 1-273
2024-06-24 13:44:21,452 INFO o.a.j.t.JMeterThread: Thread finished: Grupo de Usuários 1-273
2024-06-24 13:44:21,463 INFO o.a.j.t.JMeterThread: Thread is done: Grupo de Usuários 1-274
2024-06-24 13:44:21,463 INFO o.a.j.t.JMeterThread: Thread finished: Grupo de Usuários 1-274
2024-06-24 13:44:21,484 INFO o.a.j.t.JMeterThread: Thread is done: Grupo de Usuários 1-275
2024-06-24 13:44:21,485 INFO o.a.j.t.JMeterThread: Thread finished: Grupo de Usuários 1-275
2024-06-24 13:44:21,485 INFO o.a.j.e.StandardJMeterEngine: Notifying test listeners of end of test
2024-06-24 13:44:21,485 INFO o.a.j.s.FileServer: Close: data/combined_data.csv
2024-06-24 13:44:21,489 INFO o.a.j.r.Summariser: summary +    103 in 00:15:51 =    0.1/s Avg: 386787 Min: 51158 Max: 1000005 Err:    36 (34.95%) Active: 0 Started: 275 Finished: 275
2024-06-24 13:44:21,490 INFO o.a.j.r.Summariser: summary =    275 in 00:16:45 =    0.3/s Avg: 163175 Min:  8386 Max: 1000005 Err:    36 (13.09%)
